[2018-01-22 10:48:57.559] [DEBUG] normal - GET /
[2018-01-22 10:48:57.581] [DEBUG] normal - GET /assets/css/reset.min.css
[2018-01-22 10:48:57.585] [DEBUG] normal - GET /assets/css/login.css
[2018-01-22 10:48:57.589] [DEBUG] normal - GET /assets/css/bootstrap.min.css
[2018-01-22 10:48:57.594] [DEBUG] normal - GET /assets/js/tools.js
[2018-01-22 10:48:57.595] [DEBUG] normal - GET /assets/js/bootstrap.js
[2018-01-22 10:48:58.012] [DEBUG] normal - GET /assets/js/jquery-2.2.4.js
[2018-01-22 10:48:58.023] [DEBUG] normal - GET /assets/images/logo.png
[2018-01-22 10:48:58.068] [DEBUG] normal - GET /assets/js/tools.js
[2018-01-22 10:48:58.079] [DEBUG] normal - GET /assets/fonts/glyphicons-halflings-regular.woff
[2018-01-22 10:48:58.110] [DEBUG] normal - GET /assets/css/bootstrap.min.css.map
[2018-01-22 10:48:58.156] [DEBUG] normal - GET /assets/images/bg.png
[2018-01-22 10:48:58.198] [DEBUG] normal - GET /favicon.ico
[2018-01-22 10:51:30.401] [DEBUG] normal - GET /
[2018-01-22 10:51:30.423] [DEBUG] normal - GET /assets/css/reset.min.css
[2018-01-22 10:51:30.424] [DEBUG] normal - GET /assets/css/bootstrap.min.css
[2018-01-22 10:51:30.425] [DEBUG] normal - GET /assets/css/login.css
[2018-01-22 10:51:30.426] [DEBUG] normal - GET /assets/js/jquery-2.2.4.js
[2018-01-22 10:51:30.426] [DEBUG] normal - GET /assets/js/bootstrap.js
[2018-01-22 10:51:30.428] [DEBUG] normal - GET /views/assets/js/tools.js
[2018-01-22 10:51:30.499] [DEBUG] normal - GET /assets/images/logo.png
[2018-01-22 10:51:30.538] [DEBUG] normal - GET /assets/images/bg.png
[2018-01-22 10:51:30.540] [DEBUG] normal - GET /assets/fonts/glyphicons-halflings-regular.woff
[2018-01-22 10:51:30.566] [DEBUG] normal - GET /assets/css/bootstrap.min.css.map
[2018-01-22 10:52:08.552] [DEBUG] normal - GET /
[2018-01-22 10:52:08.576] [DEBUG] normal - GET /assets/css/reset.min.css
[2018-01-22 10:52:08.577] [DEBUG] normal - GET /assets/css/bootstrap.min.css
[2018-01-22 10:52:08.578] [DEBUG] normal - GET /assets/css/login.css
[2018-01-22 10:52:08.579] [DEBUG] normal - GET /assets/js/jquery-2.2.4.js
[2018-01-22 10:52:08.580] [DEBUG] normal - GET /assets/js/bootstrap.js
[2018-01-22 10:52:08.582] [DEBUG] normal - GET /views/assets/js/tools.js
[2018-01-22 10:52:08.585] [DEBUG] normal - GET /assets/images/logo.png
[2018-01-22 10:52:08.646] [DEBUG] normal - GET /views/assets/js/tools.js
[2018-01-22 10:52:08.652] [DEBUG] normal - GET /assets/images/bg.png
[2018-01-22 10:52:08.655] [DEBUG] normal - GET /assets/fonts/glyphicons-halflings-regular.woff
[2018-01-22 10:52:08.675] [DEBUG] normal - GET /assets/css/bootstrap.min.css.map
[2018-01-22 10:52:43.384] [DEBUG] normal - GET /
[2018-01-22 10:52:43.401] [DEBUG] normal - GET /assets/css/reset.min.css
[2018-01-22 10:52:43.404] [DEBUG] normal - GET /assets/css/bootstrap.min.css
[2018-01-22 10:52:43.405] [DEBUG] normal - GET /assets/css/login.css
[2018-01-22 10:52:43.406] [DEBUG] normal - GET /assets/js/jquery-2.2.4.js
[2018-01-22 10:52:43.407] [DEBUG] normal - GET /assets/js/bootstrap.js
[2018-01-22 10:52:43.408] [DEBUG] normal - GET /views/assets/js/tools.js
[2018-01-22 10:52:43.410] [DEBUG] normal - GET /assets/images/logo.png
[2018-01-22 10:52:43.475] [DEBUG] normal - GET /assets/images/bg.png
[2018-01-22 10:52:43.478] [DEBUG] normal - GET /assets/fonts/glyphicons-halflings-regular.woff
[2018-01-22 10:52:43.508] [DEBUG] normal - GET /assets/css/bootstrap.min.css.map
[2018-01-22 10:54:29.219] [DEBUG] normal - GET /
[2018-01-22 10:54:29.238] [DEBUG] normal - GET /assets/css/reset.min.css
[2018-01-22 10:54:29.239] [DEBUG] normal - GET /assets/css/login.css
[2018-01-22 10:54:29.239] [DEBUG] normal - GET /assets/css/bootstrap.min.css
[2018-01-22 10:54:29.240] [DEBUG] normal - GET /assets/js/jquery-2.2.4.js
[2018-01-22 10:54:29.241] [DEBUG] normal - GET /assets/js/bootstrap.js
[2018-01-22 10:54:29.242] [DEBUG] normal - GET /assets/js/tools.js
[2018-01-22 10:54:29.244] [DEBUG] normal - GET /assets/images/logo.png
[2018-01-22 10:54:29.314] [DEBUG] normal - GET /assets/js/tools.js
[2018-01-22 10:54:29.321] [DEBUG] normal - GET /assets/images/bg.png
[2018-01-22 10:54:29.324] [DEBUG] normal - GET /assets/fonts/glyphicons-halflings-regular.woff
[2018-01-22 10:54:29.347] [DEBUG] normal - GET /assets/css/bootstrap.min.css.map
[2018-01-22 10:54:32.174] [DEBUG] normal - GET /
[2018-01-22 10:54:32.208] [DEBUG] normal - GET /assets/css/reset.min.css
[2018-01-22 10:54:32.208] [DEBUG] normal - GET /assets/css/bootstrap.min.css
[2018-01-22 10:54:32.209] [DEBUG] normal - GET /assets/css/login.css
[2018-01-22 10:54:32.210] [DEBUG] normal - GET /assets/js/jquery-2.2.4.js
[2018-01-22 10:54:32.211] [DEBUG] normal - GET /assets/js/bootstrap.js
[2018-01-22 10:54:32.213] [DEBUG] normal - GET /assets/js/tools.js
[2018-01-22 10:54:32.217] [DEBUG] normal - GET /assets/images/logo.png
[2018-01-22 10:54:32.279] [DEBUG] normal - GET /assets/js/tools.js
[2018-01-22 10:54:32.285] [DEBUG] normal - GET /assets/images/bg.png
[2018-01-22 10:54:32.286] [DEBUG] normal - GET /assets/fonts/glyphicons-halflings-regular.woff
[2018-01-22 10:54:32.315] [DEBUG] normal - GET /assets/css/bootstrap.min.css.map
[2018-01-22 10:54:47.064] [DEBUG] normal - GET /
[2018-01-22 10:54:47.084] [DEBUG] normal - GET /assets/css/reset.min.css
[2018-01-22 10:54:47.087] [DEBUG] normal - GET /assets/css/bootstrap.min.css
[2018-01-22 10:54:47.091] [DEBUG] normal - GET /assets/css/login.css
[2018-01-22 10:54:47.093] [DEBUG] normal - GET /assets/js/bootstrap.js
[2018-01-22 10:54:47.097] [DEBUG] normal - GET /assets/js/tools.js
[2018-01-22 10:54:47.098] [DEBUG] normal - GET /assets/js/jquery-2.2.4.js
[2018-01-22 10:54:47.103] [DEBUG] normal - GET /assets/images/logo.png
[2018-01-22 10:54:47.178] [DEBUG] normal - GET /assets/images/bg.png
[2018-01-22 10:54:47.183] [DEBUG] normal - GET /assets/fonts/glyphicons-halflings-regular.woff
[2018-01-22 10:54:47.209] [DEBUG] normal - GET /assets/css/bootstrap.min.css.map
[2018-01-22 10:55:05.951] [DEBUG] normal - GET /
[2018-01-22 10:55:05.973] [DEBUG] normal - GET /assets/css/reset.min.css
[2018-01-22 10:55:05.974] [DEBUG] normal - GET /assets/css/bootstrap.min.css
[2018-01-22 10:55:05.977] [DEBUG] normal - GET /assets/css/login.css
[2018-01-22 10:55:05.979] [DEBUG] normal - GET /assets/js/jquery-2.2.4.js
[2018-01-22 10:55:05.980] [DEBUG] normal - GET /assets/js/bootstrap.js
[2018-01-22 10:55:05.983] [DEBUG] normal - GET /assets/images/logo.png
[2018-01-22 10:55:06.051] [DEBUG] normal - GET /assets/images/bg.png
[2018-01-22 10:55:06.053] [DEBUG] normal - GET /assets/fonts/glyphicons-halflings-regular.woff
[2018-01-22 10:55:06.124] [DEBUG] normal - GET /assets/css/bootstrap.min.css.map
[2018-01-22 10:56:07.665] [DEBUG] normal - GET /
[2018-01-22 10:56:07.684] [DEBUG] normal - GET /assets/css/reset.min.css
[2018-01-22 10:56:07.685] [DEBUG] normal - GET /assets/css/bootstrap.min.css
[2018-01-22 10:56:07.685] [DEBUG] normal - GET /assets/css/login.css
[2018-01-22 10:56:07.686] [DEBUG] normal - GET /assets/js/jquery-2.2.4.js
[2018-01-22 10:56:07.686] [DEBUG] normal - GET /assets/js/bootstrap.js
[2018-01-22 10:56:07.687] [DEBUG] normal - GET /assets/js/tools.js
[2018-01-22 10:56:07.692] [DEBUG] normal - GET /assets/images/logo.png
[2018-01-22 10:56:07.771] [DEBUG] normal - GET /assets/js/tools.js
[2018-01-22 10:56:07.778] [DEBUG] normal - GET /assets/images/bg.png
[2018-01-22 10:56:07.780] [DEBUG] normal - GET /assets/fonts/glyphicons-halflings-regular.woff
[2018-01-22 10:56:07.804] [DEBUG] normal - GET /assets/css/bootstrap.min.css.map
[2018-01-22 10:57:44.922] [DEBUG] normal - GET /
[2018-01-22 10:57:44.947] [DEBUG] normal - GET /assets/css/reset.min.css
[2018-01-22 10:57:44.948] [DEBUG] normal - GET /assets/css/bootstrap.min.css
[2018-01-22 10:57:44.949] [DEBUG] normal - GET /assets/css/login.css
[2018-01-22 10:57:44.950] [DEBUG] normal - GET /assets/js/jquery-2.2.4.js
[2018-01-22 10:57:44.951] [DEBUG] normal - GET /assets/js/bootstrap.js
[2018-01-22 10:57:44.955] [DEBUG] normal - GET /assets/images/logo.png
[2018-01-22 10:57:44.958] [DEBUG] normal - GET /assets/js/tools.js
[2018-01-22 10:57:45.020] [DEBUG] normal - GET /assets/images/bg.png
[2018-01-22 10:57:45.022] [DEBUG] normal - GET /assets/fonts/glyphicons-halflings-regular.woff
[2018-01-22 10:57:45.047] [DEBUG] normal - GET /assets/css/bootstrap.min.css.map
[2018-01-22 11:04:53.810] [DEBUG] normal - GET /
[2018-01-22 11:04:53.833] [DEBUG] normal - GET /assets/css/reset.min.css
[2018-01-22 11:04:53.834] [DEBUG] normal - GET /assets/css/bootstrap.min.css
[2018-01-22 11:04:53.836] [DEBUG] normal - GET /assets/css/login.css
[2018-01-22 11:04:53.837] [DEBUG] normal - GET /assets/js/jquery-2.2.4.js
[2018-01-22 11:04:53.838] [DEBUG] normal - GET /assets/js/bootstrap.js
[2018-01-22 11:04:53.838] [DEBUG] normal - GET /assets/js/tools.js
[2018-01-22 11:04:53.842] [DEBUG] normal - GET /assets/images/logo.png
[2018-01-22 11:04:53.903] [DEBUG] normal - GET /assets/images/bg.png
[2018-01-22 11:04:53.904] [DEBUG] normal - GET /assets/fonts/glyphicons-halflings-regular.woff
[2018-01-22 11:04:53.928] [DEBUG] normal - GET /assets/css/bootstrap.min.css.map
[2018-01-22 11:06:03.096] [DEBUG] normal - GET /
[2018-01-22 11:06:03.114] [DEBUG] normal - GET /assets/css/reset.min.css
[2018-01-22 11:06:03.117] [DEBUG] normal - GET /assets/css/bootstrap.min.css
[2018-01-22 11:06:03.118] [DEBUG] normal - GET /assets/css/login.css
[2018-01-22 11:06:03.123] [DEBUG] normal - GET /assets/js/jquery-2.2.4.js
[2018-01-22 11:06:03.126] [DEBUG] normal - GET /assets/js/bootstrap.js
[2018-01-22 11:06:03.127] [DEBUG] normal - GET /assets/js/tools.js
[2018-01-22 11:06:03.137] [DEBUG] normal - GET /assets/images/logo.png
[2018-01-22 11:06:03.189] [DEBUG] normal - GET /assets/images/bg.png
[2018-01-22 11:06:03.191] [DEBUG] normal - GET /assets/fonts/glyphicons-halflings-regular.woff
[2018-01-22 11:06:03.216] [DEBUG] normal - GET /assets/css/bootstrap.min.css.map
[2018-01-22 11:11:26.176] [DEBUG] normal - GET /
[2018-01-22 11:11:26.201] [DEBUG] normal - GET /assets/css/reset.min.css
[2018-01-22 11:11:26.201] [DEBUG] normal - GET /assets/css/bootstrap.min.css
[2018-01-22 11:11:26.202] [DEBUG] normal - GET /assets/css/login.css
[2018-01-22 11:11:26.203] [DEBUG] normal - GET /assets/js/jquery-2.2.4.js
[2018-01-22 11:11:26.205] [DEBUG] normal - GET /assets/js/bootstrap.js
[2018-01-22 11:11:26.206] [DEBUG] normal - GET /assets/js/tools.js
[2018-01-22 11:11:26.208] [DEBUG] normal - GET /assets/images/logo.png
[2018-01-22 11:11:26.273] [DEBUG] normal - GET /assets/images/bg.png
[2018-01-22 11:11:26.275] [DEBUG] normal - GET /assets/fonts/glyphicons-halflings-regular.woff
[2018-01-22 11:11:26.302] [DEBUG] normal - GET /assets/css/bootstrap.min.css.map
[2018-01-22 11:13:13.279] [DEBUG] normal - GET /
[2018-01-22 11:13:13.296] [DEBUG] normal - GET /assets/css/reset.min.css
[2018-01-22 11:13:13.298] [DEBUG] normal - GET /assets/css/bootstrap.min.css
[2018-01-22 11:13:13.299] [DEBUG] normal - GET /assets/css/login.css
[2018-01-22 11:13:13.301] [DEBUG] normal - GET /assets/js/jquery-2.2.4.js
[2018-01-22 11:13:13.302] [DEBUG] normal - GET /assets/js/bootstrap.js
[2018-01-22 11:13:13.302] [DEBUG] normal - GET /assets/js/tools.js
[2018-01-22 11:13:13.306] [DEBUG] normal - GET /assets/images/logo.png
[2018-01-22 11:13:13.375] [DEBUG] normal - GET /assets/images/bg.png
[2018-01-22 11:13:13.378] [DEBUG] normal - GET /assets/fonts/glyphicons-halflings-regular.woff
[2018-01-22 11:13:13.440] [DEBUG] normal - POST /getUnit
[2018-01-22 11:13:13.466] [DEBUG] normal - GET /assets/css/bootstrap.min.css.map
[2018-01-22 11:16:13.588] [DEBUG] normal - GET /
[2018-01-22 11:16:13.607] [DEBUG] normal - GET /assets/css/reset.min.css
[2018-01-22 11:16:13.609] [DEBUG] normal - GET /assets/js/jquery-2.2.4.js
[2018-01-22 11:16:13.610] [DEBUG] normal - GET /assets/js/bootstrap.js
[2018-01-22 11:16:13.611] [DEBUG] normal - GET /assets/css/bootstrap.min.css
[2018-01-22 11:16:13.612] [DEBUG] normal - GET /assets/css/login.css
[2018-01-22 11:16:13.613] [DEBUG] normal - GET /assets/js/tools.js
[2018-01-22 11:16:13.617] [DEBUG] normal - GET /assets/images/logo.png
[2018-01-22 11:16:13.679] [DEBUG] normal - GET /assets/images/bg.png
[2018-01-22 11:16:13.680] [DEBUG] normal - GET /assets/fonts/glyphicons-halflings-regular.woff
[2018-01-22 11:16:13.705] [DEBUG] normal - GET /assets/css/bootstrap.min.css.map
[2018-01-22 11:16:13.739] [DEBUG] normal - POST /getAllUnit
[2018-01-22 11:16:32.581] [DEBUG] normal - GET /
[2018-01-22 11:16:32.602] [DEBUG] normal - GET /assets/css/reset.min.css
[2018-01-22 11:16:32.603] [DEBUG] normal - GET /assets/css/bootstrap.min.css
[2018-01-22 11:16:32.604] [DEBUG] normal - GET /assets/css/login.css
[2018-01-22 11:16:32.608] [DEBUG] normal - GET /assets/js/jquery-2.2.4.js
[2018-01-22 11:16:32.609] [DEBUG] normal - GET /assets/js/bootstrap.js
[2018-01-22 11:16:32.610] [DEBUG] normal - GET /assets/js/tools.js
[2018-01-22 11:16:32.616] [DEBUG] normal - GET /assets/images/logo.png
[2018-01-22 11:16:32.673] [DEBUG] normal - GET /assets/images/bg.png
[2018-01-22 11:16:32.674] [DEBUG] normal - GET /assets/fonts/glyphicons-halflings-regular.woff
[2018-01-22 11:16:32.718] [DEBUG] normal - GET /assets/css/bootstrap.min.css.map
[2018-01-22 11:16:32.738] [DEBUG] normal - POST /getAllUnit
[2018-01-22 11:21:23.927] [DEBUG] normal - GET /
[2018-01-22 11:21:23.952] [DEBUG] normal - GET /assets/css/reset.min.css
[2018-01-22 11:21:23.952] [DEBUG] normal - GET /assets/css/bootstrap.min.css
[2018-01-22 11:21:23.953] [DEBUG] normal - GET /assets/js/bootstrap.js
[2018-01-22 11:21:23.956] [DEBUG] normal - GET /assets/css/login.css
[2018-01-22 11:21:23.956] [DEBUG] normal - GET /assets/js/jquery-2.2.4.js
[2018-01-22 11:21:23.958] [DEBUG] normal - GET /assets/js/tools.js
[2018-01-22 11:21:23.964] [DEBUG] normal - GET /assets/images/logo.png
[2018-01-22 11:21:24.024] [DEBUG] normal - GET /assets/images/bg.png
[2018-01-22 11:21:24.026] [DEBUG] normal - GET /assets/fonts/glyphicons-halflings-regular.woff
[2018-01-22 11:21:24.047] [DEBUG] normal - GET /assets/css/bootstrap.min.css.map
[2018-01-22 11:21:24.074] [DEBUG] normal - POST /getAllUnit
[2018-01-22 11:22:33.074] [DEBUG] normal - GET /
[2018-01-22 11:22:33.104] [DEBUG] normal - GET /assets/css/reset.min.css
[2018-01-22 11:22:33.104] [DEBUG] normal - GET /assets/css/bootstrap.min.css
[2018-01-22 11:22:33.105] [DEBUG] normal - GET /assets/css/login.css
[2018-01-22 11:22:33.106] [DEBUG] normal - GET /assets/js/jquery-2.2.4.js
[2018-01-22 11:22:33.107] [DEBUG] normal - GET /assets/js/bootstrap.js
[2018-01-22 11:22:33.110] [DEBUG] normal - GET /assets/js/tools.js
[2018-01-22 11:22:33.112] [DEBUG] normal - GET /assets/images/logo.png
[2018-01-22 11:22:33.174] [DEBUG] normal - GET /assets/images/bg.png
[2018-01-22 11:22:33.176] [DEBUG] normal - GET /assets/fonts/glyphicons-halflings-regular.woff
[2018-01-22 11:22:33.196] [DEBUG] normal - GET /assets/css/bootstrap.min.css.map
[2018-01-22 11:22:33.228] [DEBUG] normal - POST /getAllUnit
[2018-01-22 11:22:34.938] [DEBUG] normal - GET /
[2018-01-22 11:22:34.967] [DEBUG] normal - GET /assets/css/reset.min.css
[2018-01-22 11:22:34.969] [DEBUG] normal - GET /assets/css/login.css
[2018-01-22 11:22:34.971] [DEBUG] normal - GET /assets/js/tools.js
[2018-01-22 11:22:34.973] [DEBUG] normal - GET /assets/js/bootstrap.js
[2018-01-22 11:22:34.973] [DEBUG] normal - GET /assets/css/bootstrap.min.css
[2018-01-22 11:22:35.025] [DEBUG] normal - GET /assets/js/jquery-2.2.4.js
[2018-01-22 11:22:35.027] [DEBUG] normal - GET /assets/images/logo.png
[2018-01-22 11:22:35.086] [DEBUG] normal - GET /assets/fonts/glyphicons-halflings-regular.woff
[2018-01-22 11:22:35.106] [DEBUG] normal - GET /assets/css/bootstrap.min.css.map
[2018-01-22 11:22:35.111] [DEBUG] normal - POST /getAllUnit
[2018-01-22 11:22:35.145] [DEBUG] normal - GET /assets/images/bg.png
[2018-01-22 11:25:34.669] [DEBUG] normal - GET /
[2018-01-22 11:25:34.698] [DEBUG] normal - GET /assets/css/reset.min.css
[2018-01-22 11:25:34.699] [DEBUG] normal - GET /assets/css/bootstrap.min.css
[2018-01-22 11:25:34.700] [DEBUG] normal - GET /assets/js/bootstrap.js
[2018-01-22 11:25:34.701] [DEBUG] normal - GET /assets/js/tools.js
[2018-01-22 11:25:34.702] [DEBUG] normal - GET /assets/css/login.css
[2018-01-22 11:25:34.703] [DEBUG] normal - GET /assets/js/jquery-2.2.4.js
[2018-01-22 11:25:34.709] [DEBUG] normal - GET /assets/images/logo.png
[2018-01-22 11:25:34.769] [DEBUG] normal - GET /assets/images/bg.png
[2018-01-22 11:25:34.771] [DEBUG] normal - GET /assets/fonts/glyphicons-halflings-regular.woff
[2018-01-22 11:25:34.815] [DEBUG] normal - GET /assets/css/bootstrap.min.css.map
[2018-01-22 11:25:34.828] [DEBUG] normal - POST /getAllUnit
[2018-01-22 11:33:57.974] [DEBUG] normal - GET /
[2018-01-22 11:33:58.000] [DEBUG] normal - GET /assets/css/reset.min.css
[2018-01-22 11:33:58.000] [DEBUG] normal - GET /assets/css/bootstrap.min.css
[2018-01-22 11:33:58.001] [DEBUG] normal - GET /assets/css/login.css
[2018-01-22 11:33:58.002] [DEBUG] normal - GET /assets/js/jquery-2.2.4.js
[2018-01-22 11:33:58.003] [DEBUG] normal - GET /assets/js/bootstrap.js
[2018-01-22 11:33:58.003] [DEBUG] normal - GET /assets/js/tools.js
[2018-01-22 11:33:58.008] [DEBUG] normal - GET /assets/images/logo.png
[2018-01-22 11:33:58.079] [DEBUG] normal - GET /assets/images/bg.png
[2018-01-22 11:33:58.082] [DEBUG] normal - GET /assets/fonts/glyphicons-halflings-regular.woff
[2018-01-22 11:33:58.102] [DEBUG] normal - GET /assets/css/bootstrap.min.css.map
[2018-01-22 11:33:58.122] [DEBUG] normal - POST /getAllUnit
[2018-01-22 11:35:29.687] [DEBUG] normal - GET /
[2018-01-22 11:35:29.721] [DEBUG] normal - GET /assets/css/reset.min.css
[2018-01-22 11:35:29.722] [DEBUG] normal - GET /assets/css/bootstrap.min.css
[2018-01-22 11:35:29.723] [DEBUG] normal - GET /assets/js/bootstrap.js
[2018-01-22 11:35:29.724] [DEBUG] normal - GET /assets/js/tools.js
[2018-01-22 11:35:29.724] [DEBUG] normal - GET /assets/css/login.css
[2018-01-22 11:35:29.725] [DEBUG] normal - GET /assets/js/jquery-2.2.4.js
[2018-01-22 11:35:29.733] [DEBUG] normal - GET /assets/images/logo.png
[2018-01-22 11:35:29.800] [DEBUG] normal - GET /assets/images/bg.png
[2018-01-22 11:35:29.803] [DEBUG] normal - GET /assets/fonts/glyphicons-halflings-regular.woff
[2018-01-22 11:35:29.834] [DEBUG] normal - GET /assets/css/bootstrap.min.css.map
[2018-01-22 11:35:29.851] [DEBUG] normal - POST /getAllUnit
[2018-01-22 11:35:44.592] [DEBUG] normal - POST /userLogin
[2018-01-22 11:37:59.332] [DEBUG] normal - GET /
[2018-01-22 11:37:59.356] [DEBUG] normal - GET /assets/css/reset.min.css
[2018-01-22 11:37:59.359] [DEBUG] normal - GET /assets/css/bootstrap.min.css
[2018-01-22 11:37:59.360] [DEBUG] normal - GET /assets/css/login.css
[2018-01-22 11:37:59.360] [DEBUG] normal - GET /assets/js/jquery-2.2.4.js
[2018-01-22 11:37:59.361] [DEBUG] normal - GET /assets/js/bootstrap.js
[2018-01-22 11:37:59.362] [DEBUG] normal - GET /assets/js/tools.js
[2018-01-22 11:37:59.368] [DEBUG] normal - GET /assets/images/logo.png
[2018-01-22 11:37:59.431] [DEBUG] normal - GET /assets/images/bg.png
[2018-01-22 11:37:59.433] [DEBUG] normal - GET /assets/fonts/glyphicons-halflings-regular.woff
[2018-01-22 11:37:59.455] [DEBUG] normal - GET /assets/css/bootstrap.min.css.map
[2018-01-22 11:37:59.478] [DEBUG] normal - POST /getAllUnit
[2018-01-22 11:38:05.371] [DEBUG] normal - POST /userLogin
[2018-01-22 11:38:59.785] [DEBUG] normal - GET /
[2018-01-22 11:38:59.812] [DEBUG] normal - GET /assets/css/reset.min.css
[2018-01-22 11:38:59.814] [DEBUG] normal - GET /assets/css/bootstrap.min.css
[2018-01-22 11:38:59.815] [DEBUG] normal - GET /assets/css/login.css
[2018-01-22 11:38:59.815] [DEBUG] normal - GET /assets/js/jquery-2.2.4.js
[2018-01-22 11:38:59.818] [DEBUG] normal - GET /assets/js/bootstrap.js
[2018-01-22 11:38:59.820] [DEBUG] normal - GET /assets/js/tools.js
[2018-01-22 11:38:59.822] [DEBUG] normal - GET /assets/images/logo.png
[2018-01-22 11:38:59.909] [DEBUG] normal - POST /getAllUnit
[2018-01-22 11:38:59.925] [DEBUG] normal - GET /assets/images/bg.png
[2018-01-22 11:38:59.926] [DEBUG] normal - GET /assets/fonts/glyphicons-halflings-regular.woff
[2018-01-22 11:38:59.952] [DEBUG] normal - GET /assets/css/bootstrap.min.css.map
[2018-01-22 11:39:04.916] [DEBUG] normal - POST /userLogin
[2018-01-22 11:46:43.444] [DEBUG] normal - GET /
[2018-01-22 11:46:43.471] [DEBUG] normal - GET /assets/css/reset.min.css
[2018-01-22 11:46:43.473] [DEBUG] normal - GET /assets/css/bootstrap.min.css
[2018-01-22 11:46:43.473] [DEBUG] normal - GET /assets/css/login.css
[2018-01-22 11:46:43.475] [DEBUG] normal - GET /assets/js/jquery-2.2.4.js
[2018-01-22 11:46:43.475] [DEBUG] normal - GET /assets/js/bootstrap.js
[2018-01-22 11:46:43.476] [DEBUG] normal - GET /assets/js/tools.js
[2018-01-22 11:46:43.486] [DEBUG] normal - GET /assets/images/logo.png
[2018-01-22 11:46:43.548] [DEBUG] normal - GET /assets/images/bg.png
[2018-01-22 11:46:43.550] [DEBUG] normal - GET /assets/fonts/glyphicons-halflings-regular.woff
[2018-01-22 11:46:43.573] [DEBUG] normal - GET /assets/css/bootstrap.min.css.map
[2018-01-22 11:46:43.609] [DEBUG] normal - POST /getAllUnit
[2018-01-22 11:46:52.760] [DEBUG] normal - POST /userLogin
[2018-01-22 11:49:03.142] [DEBUG] normal - GET /
[2018-01-22 11:49:03.167] [DEBUG] normal - GET /assets/css/reset.min.css
[2018-01-22 11:49:03.169] [DEBUG] normal - GET /assets/css/bootstrap.min.css
[2018-01-22 11:49:03.170] [DEBUG] normal - GET /assets/css/login.css
[2018-01-22 11:49:03.173] [DEBUG] normal - GET /assets/js/jquery-2.2.4.js
[2018-01-22 11:49:03.174] [DEBUG] normal - GET /assets/js/bootstrap.js
[2018-01-22 11:49:03.175] [DEBUG] normal - GET /assets/js/tools.js
[2018-01-22 11:49:03.231] [DEBUG] normal - GET /assets/images/logo.png
[2018-01-22 11:49:03.245] [DEBUG] normal - GET /assets/images/bg.png
[2018-01-22 11:49:03.246] [DEBUG] normal - GET /assets/fonts/glyphicons-halflings-regular.woff
[2018-01-22 11:49:03.271] [DEBUG] normal - GET /assets/css/bootstrap.min.css.map
[2018-01-22 11:49:03.290] [DEBUG] normal - POST /getAllUnit
[2018-01-22 11:49:09.245] [DEBUG] normal - POST /userLogin
[2018-01-22 11:50:36.770] [DEBUG] normal - GET /
[2018-01-22 11:50:36.797] [DEBUG] normal - GET /assets/css/reset.min.css
[2018-01-22 11:50:36.799] [DEBUG] normal - GET /assets/css/bootstrap.min.css
[2018-01-22 11:50:36.799] [DEBUG] normal - GET /assets/css/login.css
[2018-01-22 11:50:36.802] [DEBUG] normal - GET /assets/js/jquery-2.2.4.js
[2018-01-22 11:50:36.803] [DEBUG] normal - GET /assets/js/bootstrap.js
[2018-01-22 11:50:36.804] [DEBUG] normal - GET /assets/js/tools.js
[2018-01-22 11:50:36.859] [DEBUG] normal - GET /assets/images/logo.png
[2018-01-22 11:50:36.876] [DEBUG] normal - GET /assets/images/bg.png
[2018-01-22 11:50:36.878] [DEBUG] normal - GET /assets/fonts/glyphicons-halflings-regular.woff
[2018-01-22 11:50:36.900] [DEBUG] normal - GET /assets/css/bootstrap.min.css.map
[2018-01-22 11:50:36.928] [DEBUG] normal - POST /getAllUnit
[2018-01-22 11:51:02.622] [DEBUG] normal - GET /
[2018-01-22 11:51:02.647] [DEBUG] normal - GET /assets/css/reset.min.css
[2018-01-22 11:51:02.651] [DEBUG] normal - GET /assets/css/bootstrap.min.css
[2018-01-22 11:51:02.652] [DEBUG] normal - GET /assets/css/login.css
[2018-01-22 11:51:02.653] [DEBUG] normal - GET /assets/js/jquery-2.2.4.js
[2018-01-22 11:51:02.654] [DEBUG] normal - GET /assets/js/bootstrap.js
[2018-01-22 11:51:02.655] [DEBUG] normal - GET /assets/js/tools.js
[2018-01-22 11:51:02.667] [DEBUG] normal - GET /assets/images/logo.png
[2018-01-22 11:51:02.728] [DEBUG] normal - GET /assets/images/bg.png
[2018-01-22 11:51:02.729] [DEBUG] normal - GET /assets/fonts/glyphicons-halflings-regular.woff
[2018-01-22 11:51:02.751] [DEBUG] normal - GET /assets/css/bootstrap.min.css.map
[2018-01-22 11:51:02.757] [DEBUG] normal - POST /getAllUnit
[2018-01-22 11:51:14.336] [DEBUG] normal - POST /userLogin
[2018-01-22 11:51:47.270] [DEBUG] normal - POST /userLogin
[2018-01-22 11:52:13.692] [DEBUG] normal - GET /
[2018-01-22 11:52:13.713] [DEBUG] normal - GET /assets/css/reset.min.css
[2018-01-22 11:52:13.716] [DEBUG] normal - GET /assets/css/bootstrap.min.css
[2018-01-22 11:52:13.716] [DEBUG] normal - GET /assets/css/login.css
[2018-01-22 11:52:13.717] [DEBUG] normal - GET /assets/js/jquery-2.2.4.js
[2018-01-22 11:52:13.718] [DEBUG] normal - GET /assets/js/bootstrap.js
[2018-01-22 11:52:13.719] [DEBUG] normal - GET /assets/js/tools.js
[2018-01-22 11:52:13.729] [DEBUG] normal - GET /assets/images/logo.png
[2018-01-22 11:52:13.789] [DEBUG] normal - GET /assets/images/bg.png
[2018-01-22 11:52:13.792] [DEBUG] normal - GET /assets/fonts/glyphicons-halflings-regular.woff
[2018-01-22 11:52:13.811] [DEBUG] normal - GET /assets/css/bootstrap.min.css.map
[2018-01-22 11:52:13.856] [DEBUG] normal - POST /getAllUnit
[2018-01-22 11:52:21.397] [DEBUG] normal - POST /userLogin
[2018-01-22 11:52:58.427] [DEBUG] normal - GET /
[2018-01-22 11:52:58.457] [DEBUG] normal - GET /assets/css/reset.min.css
[2018-01-22 11:52:58.458] [DEBUG] normal - GET /assets/js/jquery-2.2.4.js
[2018-01-22 11:52:58.458] [DEBUG] normal - GET /assets/js/bootstrap.js
[2018-01-22 11:52:58.458] [DEBUG] normal - GET /assets/js/tools.js
[2018-01-22 11:52:58.461] [DEBUG] normal - GET /assets/css/bootstrap.min.css
[2018-01-22 11:52:58.462] [DEBUG] normal - GET /assets/css/login.css
[2018-01-22 11:52:58.473] [DEBUG] normal - GET /assets/images/logo.png
[2018-01-22 11:52:58.531] [DEBUG] normal - GET /assets/images/bg.png
[2018-01-22 11:52:58.534] [DEBUG] normal - GET /assets/fonts/glyphicons-halflings-regular.woff
[2018-01-22 11:52:58.553] [DEBUG] normal - GET /assets/css/bootstrap.min.css.map
[2018-01-22 11:52:58.604] [DEBUG] normal - POST /getAllUnit
[2018-01-22 11:53:03.454] [DEBUG] normal - POST /userLogin
[2018-01-22 11:54:22.215] [DEBUG] normal - GET /
[2018-01-22 11:54:22.242] [DEBUG] normal - GET /assets/css/reset.min.css
[2018-01-22 11:54:22.243] [DEBUG] normal - GET /assets/css/bootstrap.min.css
[2018-01-22 11:54:22.244] [DEBUG] normal - GET /assets/css/login.css
[2018-01-22 11:54:22.244] [DEBUG] normal - GET /assets/js/jquery-2.2.4.js
[2018-01-22 11:54:22.245] [DEBUG] normal - GET /assets/js/bootstrap.js
[2018-01-22 11:54:22.247] [DEBUG] normal - GET /assets/js/tools.js
[2018-01-22 11:54:22.253] [DEBUG] normal - GET /assets/images/logo.png
[2018-01-22 11:54:22.315] [DEBUG] normal - GET /assets/images/bg.png
[2018-01-22 11:54:22.316] [DEBUG] normal - GET /assets/fonts/glyphicons-halflings-regular.woff
[2018-01-22 11:54:22.340] [DEBUG] normal - GET /assets/css/bootstrap.min.css.map
[2018-01-22 11:54:22.375] [DEBUG] normal - POST /getAllUnit
[2018-01-22 11:54:30.587] [DEBUG] normal - POST /userLogin
[2018-01-22 11:55:48.674] [DEBUG] normal - GET /
[2018-01-22 11:55:48.692] [DEBUG] normal - GET /assets/css/reset.min.css
[2018-01-22 11:55:48.693] [DEBUG] normal - GET /assets/css/bootstrap.min.css
[2018-01-22 11:55:48.693] [DEBUG] normal - GET /assets/css/login.css
[2018-01-22 11:55:48.694] [DEBUG] normal - GET /assets/js/jquery-2.2.4.js
[2018-01-22 11:55:48.694] [DEBUG] normal - GET /assets/js/bootstrap.js
[2018-01-22 11:55:48.695] [DEBUG] normal - GET /assets/js/tools.js
[2018-01-22 11:55:48.706] [DEBUG] normal - GET /assets/images/logo.png
[2018-01-22 11:55:48.765] [DEBUG] normal - GET /assets/images/bg.png
[2018-01-22 11:55:48.767] [DEBUG] normal - GET /assets/fonts/glyphicons-halflings-regular.woff
[2018-01-22 11:55:48.793] [DEBUG] normal - GET /assets/css/bootstrap.min.css.map
[2018-01-22 11:55:48.824] [DEBUG] normal - POST /getAllUnit
[2018-01-22 11:57:44.890] [DEBUG] normal - POST /userLogin
[2018-01-22 11:58:55.333] [DEBUG] normal - POST /userLogin
[2018-01-22 11:58:55.368] [DEBUG] normal - GET /index
[2018-01-22 11:58:55.461] [DEBUG] normal - GET /assets/js/jquery.js
[2018-01-22 11:59:21.744] [DEBUG] normal - GET /assets/css/bootstrap.min.css.map
[2018-01-22 11:59:21.763] [DEBUG] normal - POST /getAllUnit
[2018-01-22 11:59:24.037] [DEBUG] normal - POST /userLogin
[2018-01-22 11:59:24.055] [DEBUG] normal - GET /index
[2018-01-22 11:59:24.079] [DEBUG] normal - GET /assets/js/jquery.js
[2018-01-22 11:59:38.172] [DEBUG] normal - GET /index
[2018-01-22 11:59:38.193] [DEBUG] normal - GET /assets/js/jquery.js
[2018-01-22 11:59:42.583] [DEBUG] normal - GET /
[2018-01-22 11:59:42.625] [DEBUG] normal - GET /assets/css/reset.min.css
[2018-01-22 11:59:42.625] [DEBUG] normal - GET /assets/css/bootstrap.min.css
[2018-01-22 11:59:42.626] [DEBUG] normal - GET /assets/css/login.css
[2018-01-22 11:59:42.627] [DEBUG] normal - GET /assets/js/jquery-2.2.4.js
[2018-01-22 11:59:42.627] [DEBUG] normal - GET /assets/js/bootstrap.js
[2018-01-22 11:59:42.627] [DEBUG] normal - GET /assets/js/tools.js
[2018-01-22 11:59:42.725] [DEBUG] normal - GET /assets/images/logo.png
[2018-01-22 11:59:42.801] [DEBUG] normal - GET /assets/images/bg.png
[2018-01-22 11:59:42.803] [DEBUG] normal - GET /assets/fonts/glyphicons-halflings-regular.woff
[2018-01-22 11:59:42.824] [DEBUG] normal - GET /assets/css/bootstrap.min.css.map
[2018-01-22 11:59:42.830] [DEBUG] normal - POST /getAllUnit
[2018-01-22 11:59:52.977] [DEBUG] normal - POST /userLogin
[2018-01-22 12:00:14.987] [DEBUG] normal - POST /userLogin
[2018-01-22 12:00:18.744] [DEBUG] normal - GET /
[2018-01-22 12:00:18.776] [DEBUG] normal - GET /assets/css/reset.min.css
[2018-01-22 12:00:18.778] [DEBUG] normal - GET /assets/css/bootstrap.min.css
[2018-01-22 12:00:18.779] [DEBUG] normal - GET /assets/css/login.css
[2018-01-22 12:00:18.789] [DEBUG] normal - GET /assets/js/bootstrap.js
[2018-01-22 12:00:18.790] [DEBUG] normal - GET /assets/js/tools.js
[2018-01-22 12:00:18.791] [DEBUG] normal - GET /assets/js/jquery-2.2.4.js
[2018-01-22 12:00:18.801] [DEBUG] normal - GET /assets/images/logo.png
[2018-01-22 12:00:18.851] [DEBUG] normal - GET /assets/images/bg.png
[2018-01-22 12:00:18.853] [DEBUG] normal - GET /assets/fonts/glyphicons-halflings-regular.woff
[2018-01-22 12:00:18.909] [DEBUG] normal - GET /assets/css/bootstrap.min.css.map
[2018-01-22 12:00:18.919] [DEBUG] normal - POST /getAllUnit
[2018-01-22 12:00:25.413] [DEBUG] normal - POST /userLogin
[2018-01-22 12:00:28.669] [DEBUG] normal - GET /index
[2018-01-22 12:00:28.694] [DEBUG] normal - GET /assets/js/jquery.js
[2018-01-22 12:01:09.997] [DEBUG] normal - GET /assets/css/bootstrap.min.css.map
[2018-01-22 12:01:10.023] [DEBUG] normal - POST /getAllUnit
[2018-01-22 12:01:10.782] [DEBUG] normal - GET /
[2018-01-22 12:01:10.814] [DEBUG] normal - GET /assets/css/reset.min.css
[2018-01-22 12:01:10.816] [DEBUG] normal - GET /assets/css/bootstrap.min.css
[2018-01-22 12:01:10.816] [DEBUG] normal - GET /assets/css/login.css
[2018-01-22 12:01:10.817] [DEBUG] normal - GET /assets/js/jquery-2.2.4.js
[2018-01-22 12:01:10.818] [DEBUG] normal - GET /assets/js/bootstrap.js
[2018-01-22 12:01:10.819] [DEBUG] normal - GET /assets/js/tools.js
[2018-01-22 12:01:10.901] [DEBUG] normal - GET /assets/images/logo.png
[2018-01-22 12:01:10.914] [DEBUG] normal - GET /assets/fonts/glyphicons-halflings-regular.woff
[2018-01-22 12:01:10.937] [DEBUG] normal - GET /assets/css/bootstrap.min.css.map
[2018-01-22 12:01:10.940] [DEBUG] normal - POST /getAllUnit
[2018-01-22 12:01:15.698] [DEBUG] normal - POST /userLogin
[2018-01-22 12:01:16.876] [DEBUG] normal - GET /index.html
[2018-01-22 12:01:16.894] [DEBUG] normal - GET /assets/js/jquery.js
[2018-01-22 12:01:23.981] [DEBUG] normal - GET /assets/css/bootstrap.min.css.map
[2018-01-22 12:01:24.031] [DEBUG] normal - POST /getAllUnit
[2018-01-22 12:01:25.058] [DEBUG] normal - GET /
[2018-01-22 12:01:25.078] [DEBUG] normal - GET /assets/css/reset.min.css
[2018-01-22 12:01:25.079] [DEBUG] normal - GET /assets/css/bootstrap.min.css
[2018-01-22 12:01:25.080] [DEBUG] normal - GET /assets/css/login.css
[2018-01-22 12:01:25.081] [DEBUG] normal - GET /assets/js/jquery-2.2.4.js
[2018-01-22 12:01:25.082] [DEBUG] normal - GET /assets/js/bootstrap.js
[2018-01-22 12:01:25.083] [DEBUG] normal - GET /assets/js/tools.js
[2018-01-22 12:01:25.091] [DEBUG] normal - GET /assets/images/logo.png
[2018-01-22 12:01:25.151] [DEBUG] normal - GET /assets/fonts/glyphicons-halflings-regular.woff
[2018-01-22 12:01:25.175] [DEBUG] normal - GET /assets/css/bootstrap.min.css.map
[2018-01-22 12:01:25.179] [DEBUG] normal - POST /getAllUnit
[2018-01-22 12:01:29.473] [DEBUG] normal - POST /userLogin
[2018-01-22 12:01:30.736] [DEBUG] normal - GET /index.html
[2018-01-22 12:01:30.757] [DEBUG] normal - GET /assets/js/jquery.js
[2018-01-22 12:02:34.069] [DEBUG] normal - GET /index.html
[2018-01-22 12:02:34.094] [DEBUG] normal - GET /assets/js/jquery.js
[2018-01-22 12:03:09.675] [DEBUG] normal - GET /index.html
[2018-01-22 12:03:17.076] [DEBUG] normal - GET /assets/css/bootstrap.min.css.map
[2018-01-22 12:03:17.092] [DEBUG] normal - POST /getAllUnit
[2018-01-22 12:03:22.651] [DEBUG] normal - POST /userLogin
[2018-01-22 12:03:25.360] [DEBUG] normal - GET /index.html
[2018-01-22 12:03:27.565] [DEBUG] normal - GET /assets/css/bootstrap.min.css.map
[2018-01-22 12:03:27.570] [DEBUG] normal - POST /getAllUnit
[2018-01-22 12:03:35.710] [DEBUG] normal - GET /
[2018-01-22 12:03:35.742] [DEBUG] normal - GET /assets/css/reset.min.css
[2018-01-22 12:03:35.745] [DEBUG] normal - GET /assets/js/tools.js
[2018-01-22 12:03:35.746] [DEBUG] normal - GET /assets/css/bootstrap.min.css
[2018-01-22 12:03:35.747] [DEBUG] normal - GET /assets/css/login.css
[2018-01-22 12:03:35.748] [DEBUG] normal - GET /assets/js/jquery-2.2.4.js
[2018-01-22 12:03:35.749] [DEBUG] normal - GET /assets/js/bootstrap.js
[2018-01-22 12:03:35.795] [DEBUG] normal - GET /assets/images/logo.png
[2018-01-22 12:03:35.853] [DEBUG] normal - GET /assets/fonts/glyphicons-halflings-regular.woff
[2018-01-22 12:03:35.874] [DEBUG] normal - GET /assets/css/bootstrap.min.css.map
[2018-01-22 12:03:35.884] [DEBUG] normal - POST /getAllUnit
[2018-01-22 12:03:38.949] [DEBUG] normal - GET /
[2018-01-22 12:03:38.983] [DEBUG] normal - GET /assets/css/reset.min.css
[2018-01-22 12:03:38.987] [DEBUG] normal - GET /assets/css/login.css
[2018-01-22 12:03:38.989] [DEBUG] normal - GET /assets/js/tools.js
[2018-01-22 12:03:38.990] [DEBUG] normal - GET /assets/js/bootstrap.js
[2018-01-22 12:03:38.991] [DEBUG] normal - GET /assets/css/bootstrap.min.css
[2018-01-22 12:03:39.026] [DEBUG] normal - GET /assets/js/jquery-2.2.4.js
[2018-01-22 12:03:39.028] [DEBUG] normal - GET /assets/images/logo.png
[2018-01-22 12:03:39.085] [DEBUG] normal - GET /assets/fonts/glyphicons-halflings-regular.woff
[2018-01-22 12:03:39.106] [DEBUG] normal - GET /assets/css/bootstrap.min.css.map
[2018-01-22 12:03:39.135] [DEBUG] normal - POST /getAllUnit
[2018-01-22 12:03:39.175] [DEBUG] normal - GET /assets/images/bg.png
[2018-01-22 12:03:47.207] [DEBUG] normal - POST /userLogin
[2018-01-22 12:03:51.176] [DEBUG] normal - GET /index.html
[2018-01-22 12:04:01.947] [DEBUG] normal - POST /getAllUnit
[2018-01-22 12:04:01.982] [DEBUG] normal - GET /assets/css/bootstrap.min.css.map
[2018-01-22 12:04:02.836] [DEBUG] normal - GET /index
[2018-01-22 12:04:03.696] [DEBUG] normal - POST /getAllUnit
[2018-01-22 12:04:03.765] [DEBUG] normal - GET /assets/css/bootstrap.min.css.map
[2018-01-22 12:04:07.477] [DEBUG] normal - GET /
[2018-01-22 12:04:07.502] [DEBUG] normal - GET /assets/css/reset.min.css
[2018-01-22 12:04:07.505] [DEBUG] normal - GET /assets/css/login.css
[2018-01-22 12:04:07.507] [DEBUG] normal - GET /assets/js/tools.js
[2018-01-22 12:04:07.508] [DEBUG] normal - GET /assets/js/bootstrap.js
[2018-01-22 12:04:07.509] [DEBUG] normal - GET /assets/css/bootstrap.min.css
[2018-01-22 12:04:07.586] [DEBUG] normal - GET /assets/js/jquery-2.2.4.js
[2018-01-22 12:04:07.588] [DEBUG] normal - GET /assets/images/logo.png
[2018-01-22 12:04:07.663] [DEBUG] normal - GET /assets/fonts/glyphicons-halflings-regular.woff
[2018-01-22 12:04:07.688] [DEBUG] normal - GET /assets/css/bootstrap.min.css.map
[2018-01-22 12:04:07.693] [DEBUG] normal - POST /getAllUnit
[2018-01-22 12:04:07.736] [DEBUG] normal - GET /assets/images/bg.png
[2018-01-22 12:06:43.241] [DEBUG] normal - GET /
[2018-01-22 12:06:43.259] [DEBUG] normal - GET /assets/css/reset.min.css
[2018-01-22 12:06:43.260] [DEBUG] normal - GET /assets/css/bootstrap.min.css
[2018-01-22 12:06:43.261] [DEBUG] normal - GET /assets/css/login.css
[2018-01-22 12:06:43.262] [DEBUG] normal - GET /assets/js/jquery-2.2.4.js
[2018-01-22 12:06:43.262] [DEBUG] normal - GET /assets/js/bootstrap.js
[2018-01-22 12:06:43.264] [DEBUG] normal - GET /assets/js/tools.js
[2018-01-22 12:06:43.268] [DEBUG] normal - GET /assets/images/logo.png
[2018-01-22 12:06:43.340] [DEBUG] normal - GET /assets/images/bg.png
[2018-01-22 12:06:43.343] [DEBUG] normal - GET /assets/fonts/glyphicons-halflings-regular.woff
[2018-01-22 12:06:43.412] [DEBUG] normal - POST /getAllUnit
[2018-01-22 12:06:43.444] [DEBUG] normal - GET /assets/css/bootstrap.min.css.map
[2018-01-22 12:06:50.050] [DEBUG] normal - POST /userLogin
[2018-01-22 12:06:51.817] [DEBUG] normal - GET /goindex
[2018-01-22 13:08:39.083] [DEBUG] normal - GET /
[2018-01-22 13:08:39.099] [DEBUG] normal - GET /assets/css/reset.min.css
[2018-01-22 13:08:39.100] [DEBUG] normal - GET /assets/css/bootstrap.min.css
[2018-01-22 13:08:39.101] [DEBUG] normal - GET /assets/css/login.css
[2018-01-22 13:08:39.124] [DEBUG] normal - GET /assets/js/jquery-2.2.4.js
[2018-01-22 13:08:39.124] [DEBUG] normal - GET /assets/js/bootstrap.js
[2018-01-22 13:08:39.125] [DEBUG] normal - GET /assets/js/tools.js
[2018-01-22 13:08:39.371] [DEBUG] normal - GET /assets/images/logo.png
[2018-01-22 13:08:39.432] [DEBUG] normal - GET /assets/images/bg.png
[2018-01-22 13:08:39.434] [DEBUG] normal - GET /assets/fonts/glyphicons-halflings-regular.woff
[2018-01-22 13:08:39.525] [DEBUG] normal - POST /getAllUnit
[2018-01-22 13:08:39.593] [DEBUG] normal - GET /favicon.ico
[2018-01-22 13:08:44.189] [DEBUG] normal - POST /userLogin
[2018-01-22 13:08:45.362] [DEBUG] normal - GET /goindex
[2018-01-22 13:09:21.151] [DEBUG] normal - GET /
[2018-01-22 13:09:21.168] [DEBUG] normal - GET /assets/css/reset.min.css
[2018-01-22 13:09:21.169] [DEBUG] normal - GET /assets/css/bootstrap.min.css
[2018-01-22 13:09:21.173] [DEBUG] normal - GET /assets/js/jquery-2.2.4.js
[2018-01-22 13:09:21.173] [DEBUG] normal - GET /assets/js/bootstrap.js
[2018-01-22 13:09:21.174] [DEBUG] normal - GET /assets/css/index.css
[2018-01-22 13:09:21.183] [DEBUG] normal - GET /assets/images/header.png
[2018-01-22 13:09:47.314] [DEBUG] normal - GET /
[2018-01-22 13:09:47.329] [DEBUG] normal - GET /assets/css/reset.min.css
[2018-01-22 13:09:47.330] [DEBUG] normal - GET /assets/css/bootstrap.min.css
[2018-01-22 13:09:47.332] [DEBUG] normal - GET /assets/css/index.css
[2018-01-22 13:09:47.333] [DEBUG] normal - GET /assets/js/jquery-2.2.4.js
[2018-01-22 13:09:47.333] [DEBUG] normal - GET /assets/js/bootstrap.js
[2018-01-22 13:09:47.337] [DEBUG] normal - GET /assets/images/header.png
[2018-01-22 13:10:06.078] [DEBUG] normal - GET /assets/css/bootstrap.min.css.map
[2018-01-22 13:10:46.502] [DEBUG] normal - GET /assets/css/reset.min.css
[2018-01-22 13:10:46.510] [DEBUG] normal - GET /assets/js/tools.js
[2018-01-22 13:10:46.511] [DEBUG] normal - GET /assets/css/bootstrap.min.css
[2018-01-22 13:10:46.512] [DEBUG] normal - GET /assets/css/login.css
[2018-01-22 13:10:46.513] [DEBUG] normal - GET /assets/js/jquery-2.2.4.js
[2018-01-22 13:10:46.514] [DEBUG] normal - GET /assets/js/bootstrap.js
[2018-01-22 13:10:46.517] [DEBUG] normal - GET /assets/images/logo.png
[2018-01-22 13:10:46.576] [DEBUG] normal - GET /assets/images/bg.png
[2018-01-22 13:10:46.578] [DEBUG] normal - GET /assets/fonts/glyphicons-halflings-regular.woff
[2018-01-22 13:10:46.600] [DEBUG] normal - GET /assets/css/bootstrap.min.css.map
[2018-01-22 13:10:46.652] [DEBUG] normal - POST /getAllUnit
[2018-01-22 13:11:02.857] [DEBUG] normal - GET /
[2018-01-22 13:11:02.882] [DEBUG] normal - GET /assets/css/reset.min.css
[2018-01-22 13:11:02.883] [DEBUG] normal - GET /assets/css/bootstrap.min.css
[2018-01-22 13:11:02.884] [DEBUG] normal - GET /assets/css/login.css
[2018-01-22 13:11:02.885] [DEBUG] normal - GET /assets/js/jquery-2.2.4.js
[2018-01-22 13:11:02.886] [DEBUG] normal - GET /assets/js/bootstrap.js
[2018-01-22 13:11:02.887] [DEBUG] normal - GET /assets/js/tools.js
[2018-01-22 13:11:02.903] [DEBUG] normal - GET /assets/images/logo.png
[2018-01-22 13:11:02.960] [DEBUG] normal - GET /assets/fonts/glyphicons-halflings-regular.woff
[2018-01-22 13:11:02.988] [DEBUG] normal - GET /assets/css/bootstrap.min.css.map
[2018-01-22 13:11:03.001] [DEBUG] normal - POST /getAllUnit
[2018-01-22 13:11:06.825] [DEBUG] normal - POST /userLogin
[2018-01-22 13:11:07.772] [DEBUG] normal - GET /goindex
[2018-01-22 13:11:41.161] [DEBUG] normal - GET /assets/css/bootstrap.min.css.map
[2018-01-22 13:11:41.200] [DEBUG] normal - POST /getAllUnit
[2018-01-22 13:11:42.870] [DEBUG] normal - POST /userLogin
[2018-01-22 13:11:43.790] [DEBUG] normal - GET /goindex
[2018-01-22 13:11:58.692] [DEBUG] normal - GET /assets/css/bootstrap.min.css.map
[2018-01-22 13:11:58.749] [DEBUG] normal - POST /getAllUnit
[2018-01-22 13:11:59.287] [DEBUG] normal - GET /
[2018-01-22 13:11:59.315] [DEBUG] normal - GET /assets/css/reset.min.css
[2018-01-22 13:11:59.317] [DEBUG] normal - GET /assets/css/bootstrap.min.css
[2018-01-22 13:11:59.319] [DEBUG] normal - GET /assets/css/login.css
[2018-01-22 13:11:59.322] [DEBUG] normal - GET /assets/js/jquery-2.2.4.js
[2018-01-22 13:11:59.322] [DEBUG] normal - GET /assets/js/bootstrap.js
[2018-01-22 13:11:59.322] [DEBUG] normal - GET /assets/js/tools.js
[2018-01-22 13:11:59.342] [DEBUG] normal - GET /assets/images/logo.png
[2018-01-22 13:11:59.387] [DEBUG] normal - GET /assets/fonts/glyphicons-halflings-regular.woff
[2018-01-22 13:11:59.412] [DEBUG] normal - GET /assets/css/bootstrap.min.css.map
[2018-01-22 13:11:59.415] [DEBUG] normal - POST /getAllUnit
[2018-01-22 13:12:02.524] [DEBUG] normal - POST /userLogin
[2018-01-22 13:12:03.279] [DEBUG] normal - GET /goindex
[2018-01-22 13:12:03.297] [DEBUG] normal - GET /css/restet.css
[2018-01-22 13:12:03.298] [DEBUG] normal - GET /css/home.css
[2018-01-22 13:12:18.527] [DEBUG] normal - GET /assets/css/bootstrap.min.css.map
[2018-01-22 13:12:18.573] [DEBUG] normal - POST /getAllUnit
[2018-01-22 13:12:19.588] [DEBUG] normal - POST /userLogin
[2018-01-22 13:12:20.414] [DEBUG] normal - GET /goindex
[2018-01-22 13:12:20.441] [DEBUG] normal - GET /assets/css/reset.min.css
[2018-01-22 13:12:20.442] [DEBUG] normal - GET /assets/css/bootstrap.min.css
[2018-01-22 13:12:20.448] [DEBUG] normal - GET /assets/css/index.css
[2018-01-22 13:12:20.448] [DEBUG] normal - GET /assets/js/jquery-2.2.4.js
[2018-01-22 13:12:20.450] [DEBUG] normal - GET /assets/js/bootstrap.js
[2018-01-22 13:12:20.461] [DEBUG] normal - GET /assets/images/header.png
[2018-01-22 13:12:23.579] [DEBUG] normal - GET /assets/css/bootstrap.min.css.map
[2018-01-22 13:12:44.466] [DEBUG] normal - GET /goindex
[2018-01-22 13:12:44.483] [DEBUG] normal - GET /assets/css/reset.min.css
[2018-01-22 13:12:44.484] [DEBUG] normal - GET /assets/css/bootstrap.min.css
[2018-01-22 13:12:44.487] [DEBUG] normal - GET /assets/css/index.css
[2018-01-22 13:12:44.488] [DEBUG] normal - GET /assets/js/jquery-2.2.4.js
[2018-01-22 13:12:44.488] [DEBUG] normal - GET /assets/js/bootstrap.js
[2018-01-22 13:12:44.507] [DEBUG] normal - GET /views/assets/images/header.png
[2018-01-22 13:12:44.584] [DEBUG] normal - GET /assets/css/bootstrap.min.css.map
[2018-01-22 13:12:56.192] [DEBUG] normal - GET /assets/fonts/glyphicons-halflings-regular.woff2
[2018-01-22 13:13:01.030] [DEBUG] normal - GET /goindex
[2018-01-22 13:13:01.062] [DEBUG] normal - GET /assets/css/reset.min.css
[2018-01-22 13:13:01.062] [DEBUG] normal - GET /assets/css/bootstrap.min.css
[2018-01-22 13:13:01.064] [DEBUG] normal - GET /assets/css/index.css
[2018-01-22 13:13:01.070] [DEBUG] normal - GET /assets/js/jquery-2.2.4.js
[2018-01-22 13:13:01.073] [DEBUG] normal - GET /assets/js/bootstrap.js
[2018-01-22 13:13:01.081] [DEBUG] normal - GET /views/assets/images/header.png
[2018-01-22 13:13:01.144] [DEBUG] normal - GET /assets/css/bootstrap.min.css.map
[2018-01-22 13:13:26.867] [DEBUG] normal - GET /views/assets/images/header.png
[2018-01-22 13:13:32.923] [DEBUG] normal - GET /assets/images/header.png
[2018-01-22 13:13:35.414] [DEBUG] normal - GET /assets/css/bootstrap.min.css.map
[2018-01-22 13:14:15.708] [DEBUG] normal - GET /goindex
[2018-01-22 13:14:15.731] [DEBUG] normal - GET /assets/css/reset.min.css
[2018-01-22 13:14:15.735] [DEBUG] normal - GET /assets/css/bootstrap.min.css
[2018-01-22 13:14:15.737] [DEBUG] normal - GET /assets/css/index.css
[2018-01-22 13:14:15.741] [DEBUG] normal - GET /assets/js/jquery-2.2.4.js
[2018-01-22 13:14:15.742] [DEBUG] normal - GET /assets/js/bootstrap.js
[2018-01-22 13:14:15.760] [DEBUG] normal - GET /assets/images/header.png
[2018-01-22 13:14:15.827] [DEBUG] normal - GET /assets/css/bootstrap.min.css.map
[2018-01-22 13:14:42.050] [DEBUG] normal - GET /goindex
[2018-01-22 13:14:42.080] [DEBUG] normal - GET /assets/css/reset.min.css
[2018-01-22 13:14:42.082] [DEBUG] normal - GET /assets/css/bootstrap.min.css
[2018-01-22 13:14:42.084] [DEBUG] normal - GET /assets/css/index.css
[2018-01-22 13:14:42.086] [DEBUG] normal - GET /assets/js/jquery-2.2.4.js
[2018-01-22 13:14:42.087] [DEBUG] normal - GET /assets/js/bootstrap.js
[2018-01-22 13:14:42.095] [DEBUG] normal - GET /assets/images/header.png
[2018-01-22 13:14:42.171] [DEBUG] normal - GET /assets/css/bootstrap.min.css.map
[2018-01-22 13:16:07.738] [DEBUG] normal - GET /goindex
[2018-01-22 13:16:07.776] [DEBUG] normal - GET /assets/css/reset.min.css
[2018-01-22 13:16:07.777] [DEBUG] normal - GET /assets/css/index.css
[2018-01-22 13:16:07.777] [DEBUG] normal - GET /assets/js/jquery-2.2.4.js
[2018-01-22 13:16:07.778] [DEBUG] normal - GET /assets/css/bootstrap.min.css
[2018-01-22 13:16:07.778] [DEBUG] normal - GET /assets/js/bootstrap.js
[2018-01-22 13:16:07.783] [DEBUG] normal - GET /assets/images/header.png
[2018-01-22 13:16:07.857] [DEBUG] normal - GET /assets/css/bootstrap.min.css.map
[2018-01-22 13:16:50.774] [DEBUG] normal - GET /goindex
[2018-01-22 13:16:50.797] [DEBUG] normal - GET /assets/css/reset.min.css
[2018-01-22 13:16:50.800] [DEBUG] normal - GET /assets/css/bootstrap.min.css
[2018-01-22 13:16:50.801] [DEBUG] normal - GET /assets/css/index.css
[2018-01-22 13:16:50.802] [DEBUG] normal - GET /assets/js/jquery-2.2.4.js
[2018-01-22 13:16:50.807] [DEBUG] normal - GET /assets/js/bootstrap.js
[2018-01-22 13:16:50.810] [DEBUG] normal - GET /assets/images/header.png
[2018-01-22 13:16:50.887] [DEBUG] normal - GET /assets/css/bootstrap.min.css.map
[2018-01-22 13:17:32.329] [DEBUG] normal - GET /goindex
[2018-01-22 13:17:32.357] [DEBUG] normal - GET /assets/css/bootstrap.min.css
[2018-01-22 13:17:32.358] [DEBUG] normal - GET /assets/js/jquery-2.2.4.js
[2018-01-22 13:17:32.359] [DEBUG] normal - GET /assets/js/bootstrap.js
[2018-01-22 13:17:32.359] [DEBUG] normal - GET /assets/css/reset.min.css
[2018-01-22 13:17:32.361] [DEBUG] normal - GET /assets/css/index.css
[2018-01-22 13:17:32.370] [DEBUG] normal - GET /assets/images/header.png
[2018-01-22 13:17:32.455] [DEBUG] normal - GET /assets/css/bootstrap.min.css.map
[2018-01-22 13:17:32.511] [DEBUG] normal - GET /assets/images/bg_home.png
[2018-01-22 13:18:03.711] [DEBUG] normal - GET /
[2018-01-22 13:18:03.737] [DEBUG] normal - GET /assets/css/reset.min.css
[2018-01-22 13:18:03.740] [DEBUG] normal - GET /assets/css/bootstrap.min.css
[2018-01-22 13:18:03.741] [DEBUG] normal - GET /assets/js/jquery-2.2.4.js
[2018-01-22 13:18:03.742] [DEBUG] normal - GET /assets/js/bootstrap.js
[2018-01-22 13:18:03.743] [DEBUG] normal - GET /assets/js/tools.js
[2018-01-22 13:18:03.743] [DEBUG] normal - GET /assets/css/login.css
[2018-01-22 13:18:03.753] [DEBUG] normal - GET /assets/images/logo.png
[2018-01-22 13:18:03.822] [DEBUG] normal - POST /getAllUnit
[2018-01-22 13:18:03.850] [DEBUG] normal - GET /assets/images/bg.png
[2018-01-22 13:18:03.851] [DEBUG] normal - GET /assets/fonts/glyphicons-halflings-regular.woff2
[2018-01-22 13:18:09.305] [DEBUG] normal - POST /userLogin
[2018-01-22 13:18:10.298] [DEBUG] normal - GET /index.html
[2018-01-22 13:18:25.544] [DEBUG] normal - GET /
[2018-01-22 13:18:42.420] [DEBUG] normal - GET /
[2018-01-22 13:18:42.534] [DEBUG] normal - GET /assets/css/reset.min.css
[2018-01-22 13:18:42.534] [DEBUG] normal - GET /assets/css/bootstrap.min.css
[2018-01-22 13:18:42.535] [DEBUG] normal - GET /assets/css/login.css
[2018-01-22 13:18:42.536] [DEBUG] normal - GET /assets/js/jquery-2.2.4.js
[2018-01-22 13:18:42.536] [DEBUG] normal - GET /assets/js/bootstrap.js
[2018-01-22 13:18:42.537] [DEBUG] normal - GET /assets/js/tools.js
[2018-01-22 13:18:42.544] [DEBUG] normal - GET /assets/images/logo.png
[2018-01-22 13:18:42.599] [DEBUG] normal - GET /assets/images/bg.png
[2018-01-22 13:18:42.600] [DEBUG] normal - GET /assets/fonts/glyphicons-halflings-regular.woff2
[2018-01-22 13:18:42.697] [DEBUG] normal - POST /getAllUnit
[2018-01-22 13:18:45.995] [DEBUG] normal - POST /userLogin
[2018-01-22 13:18:47.299] [DEBUG] normal - GET /goindex
[2018-01-22 13:18:47.326] [DEBUG] normal - GET /assets/css/reset.min.css
[2018-01-22 13:18:47.327] [DEBUG] normal - GET /assets/css/bootstrap.min.css
[2018-01-22 13:18:47.328] [DEBUG] normal - GET /assets/css/index.css
[2018-01-22 13:18:47.328] [DEBUG] normal - GET /assets/js/jquery-2.2.4.js
[2018-01-22 13:18:47.329] [DEBUG] normal - GET /assets/js/bootstrap.js
[2018-01-22 13:18:47.396] [DEBUG] normal - GET /assets/images/header.png
[2018-01-22 13:18:47.445] [DEBUG] normal - GET /assets/images/bg_home.png
[2018-01-22 13:20:48.201] [DEBUG] normal - GET /assets/fonts/glyphicons-halflings-regular.woff2
[2018-01-22 13:20:48.231] [DEBUG] normal - POST /getAllUnit
[2018-01-22 13:20:48.944] [DEBUG] normal - GET /
[2018-01-22 13:20:48.976] [DEBUG] normal - GET /assets/css/reset.min.css
[2018-01-22 13:20:48.978] [DEBUG] normal - GET /assets/css/bootstrap.min.css
[2018-01-22 13:20:48.982] [DEBUG] normal - GET /assets/css/login.css
[2018-01-22 13:20:48.986] [DEBUG] normal - GET /assets/js/jquery-2.2.4.js
[2018-01-22 13:20:48.987] [DEBUG] normal - GET /assets/js/bootstrap.js
[2018-01-22 13:20:48.988] [DEBUG] normal - GET /assets/js/tools.js
[2018-01-22 13:20:48.990] [DEBUG] normal - GET /assets/js/window.js
[2018-01-22 13:20:48.992] [DEBUG] normal - GET /assets/css/window.css
[2018-01-22 13:20:49.064] [DEBUG] normal - GET /assets/images/logo.png
[2018-01-22 13:20:49.070] [DEBUG] normal - GET /assets/images/bg.png
[2018-01-22 13:20:49.072] [DEBUG] normal - GET /assets/fonts/glyphicons-halflings-regular.woff2
[2018-01-22 13:20:49.077] [DEBUG] normal - POST /getAllUnit
[2018-01-22 13:20:50.910] [DEBUG] normal - GET /assets/css/reset.min.css
[2018-01-22 13:20:50.911] [DEBUG] normal - GET /assets/css/bootstrap.min.css
[2018-01-22 13:20:50.912] [DEBUG] normal - GET /assets/css/login.css
[2018-01-22 13:20:50.983] [DEBUG] normal - GET /assets/css/bootstrap.min.css.map
[2018-01-22 13:21:13.411] [DEBUG] normal - GET /
[2018-01-22 13:21:13.432] [DEBUG] normal - GET /assets/css/reset.min.css
[2018-01-22 13:21:13.432] [DEBUG] normal - GET /assets/js/tools.js
[2018-01-22 13:21:13.433] [DEBUG] normal - GET /assets/css/bootstrap.min.css
[2018-01-22 13:21:13.434] [DEBUG] normal - GET /assets/css/login.css
[2018-01-22 13:21:13.435] [DEBUG] normal - GET /assets/js/jquery-2.2.4.js
[2018-01-22 13:21:13.436] [DEBUG] normal - GET /assets/js/bootstrap.js
[2018-01-22 13:21:13.440] [DEBUG] normal - GET /assets/js/window.js
[2018-01-22 13:21:13.442] [DEBUG] normal - GET /assets/css/window.css
[2018-01-22 13:21:13.450] [DEBUG] normal - GET /assets/images/logo.png
[2018-01-22 13:21:13.545] [DEBUG] normal - GET /assets/images/bg.png
[2018-01-22 13:21:13.546] [DEBUG] normal - GET /assets/fonts/glyphicons-halflings-regular.woff2
[2018-01-22 13:21:13.548] [DEBUG] normal - GET /assets/css/bootstrap.min.css.map
[2018-01-22 13:21:13.556] [DEBUG] normal - POST /getAllUnit
[2018-01-22 13:21:27.746] [DEBUG] normal - POST /userLogin
[2018-01-22 13:21:27.784] [DEBUG] normal - GET /goindex
[2018-01-22 13:21:27.811] [DEBUG] normal - GET /assets/css/reset.min.css
[2018-01-22 13:21:27.812] [DEBUG] normal - GET /assets/css/bootstrap.min.css
[2018-01-22 13:21:27.813] [DEBUG] normal - GET /assets/css/index.css
[2018-01-22 13:21:27.814] [DEBUG] normal - GET /assets/js/jquery-2.2.4.js
[2018-01-22 13:21:27.815] [DEBUG] normal - GET /assets/js/bootstrap.js
[2018-01-22 13:21:27.822] [DEBUG] normal - GET /assets/images/header.png
[2018-01-22 13:21:27.886] [DEBUG] normal - GET /assets/images/bg_home.png
[2018-01-22 13:21:27.903] [DEBUG] normal - GET /assets/css/bootstrap.min.css.map
[2018-01-22 13:21:38.619] [DEBUG] normal - POST /getAllUnit
[2018-01-22 13:21:38.636] [DEBUG] normal - GET /assets/fonts/glyphicons-halflings-regular.woff2
[2018-01-22 13:21:38.656] [DEBUG] normal - GET /assets/css/bootstrap.min.css.map
[2018-01-22 13:21:39.286] [DEBUG] normal - GET /
[2018-01-22 13:21:39.325] [DEBUG] normal - GET /assets/css/reset.min.css
[2018-01-22 13:21:39.328] [DEBUG] normal - GET /assets/css/bootstrap.min.css
[2018-01-22 13:21:39.331] [DEBUG] normal - GET /assets/css/login.css
[2018-01-22 13:21:39.333] [DEBUG] normal - GET /assets/js/jquery-2.2.4.js
[2018-01-22 13:21:39.334] [DEBUG] normal - GET /assets/js/bootstrap.js
[2018-01-22 13:21:39.336] [DEBUG] normal - GET /assets/js/tools.js
[2018-01-22 13:21:39.337] [DEBUG] normal - GET /assets/js/window.js
[2018-01-22 13:21:39.337] [DEBUG] normal - GET /assets/css/window.css
[2018-01-22 13:21:39.429] [DEBUG] normal - POST /getAllUnit
[2018-01-22 13:21:39.442] [DEBUG] normal - GET /assets/images/logo.png
[2018-01-22 13:21:39.442] [DEBUG] normal - GET /assets/images/bg.png
[2018-01-22 13:21:39.444] [DEBUG] normal - GET /assets/fonts/glyphicons-halflings-regular.woff2
[2018-01-22 13:21:39.446] [DEBUG] normal - GET /assets/css/bootstrap.min.css.map
[2018-01-22 13:22:57.551] [DEBUG] normal - GET /
[2018-01-22 13:22:57.567] [DEBUG] normal - GET /assets/css/reset.min.css
[2018-01-22 13:22:57.568] [DEBUG] normal - GET /assets/css/bootstrap.min.css
[2018-01-22 13:22:57.570] [DEBUG] normal - GET /assets/css/window.css
[2018-01-22 13:22:57.571] [DEBUG] normal - GET /assets/css/login.css
[2018-01-22 13:22:57.574] [DEBUG] normal - GET /assets/js/jquery-2.2.4.js
[2018-01-22 13:22:57.575] [DEBUG] normal - GET /assets/js/tools.js
[2018-01-22 13:22:57.576] [DEBUG] normal - GET /assets/js/bootstrap.js
[2018-01-22 13:22:57.578] [DEBUG] normal - GET /assets/js/window.js
[2018-01-22 13:22:57.605] [DEBUG] normal - GET /assets/images/logo.png
[2018-01-22 13:22:57.657] [DEBUG] normal - GET /assets/images/bg.png
[2018-01-22 13:22:57.659] [DEBUG] normal - GET /assets/fonts/glyphicons-halflings-regular.woff2
[2018-01-22 13:22:57.684] [DEBUG] normal - GET /assets/css/bootstrap.min.css.map
[2018-01-22 13:22:57.726] [DEBUG] normal - POST /getAllUnit
[2018-01-22 13:23:01.481] [DEBUG] normal - POST /userLogin
[2018-01-22 13:23:01.619] [DEBUG] normal - GET /goindex
[2018-01-22 13:23:01.647] [DEBUG] normal - GET /assets/css/reset.min.css
[2018-01-22 13:23:01.648] [DEBUG] normal - GET /assets/css/bootstrap.min.css
[2018-01-22 13:23:01.649] [DEBUG] normal - GET /assets/css/index.css
[2018-01-22 13:23:01.650] [DEBUG] normal - GET /assets/js/jquery-2.2.4.js
[2018-01-22 13:23:01.658] [DEBUG] normal - GET /assets/js/bootstrap.js
[2018-01-22 13:23:01.659] [DEBUG] normal - GET /assets/images/header.png
[2018-01-22 13:23:01.720] [DEBUG] normal - GET /assets/images/bg_home.png
[2018-01-22 13:23:01.742] [DEBUG] normal - GET /assets/css/bootstrap.min.css.map
[2018-01-22 13:23:08.041] [DEBUG] normal - GET /assets/fonts/glyphicons-halflings-regular.woff2
[2018-01-22 13:23:08.067] [DEBUG] normal - GET /assets/css/bootstrap.min.css.map
[2018-01-22 13:23:08.071] [DEBUG] normal - POST /getAllUnit
[2018-01-22 13:23:51.247] [DEBUG] normal - GET /
[2018-01-22 13:23:51.267] [DEBUG] normal - GET /assets/css/reset.min.css
[2018-01-22 13:23:51.268] [DEBUG] normal - GET /assets/css/bootstrap.min.css
[2018-01-22 13:23:51.268] [DEBUG] normal - GET /assets/css/window.css
[2018-01-22 13:23:51.269] [DEBUG] normal - GET /assets/css/login.css
[2018-01-22 13:23:51.269] [DEBUG] normal - GET /assets/js/jquery-2.2.4.js
[2018-01-22 13:23:51.271] [DEBUG] normal - GET /assets/js/bootstrap.js
[2018-01-22 13:23:51.272] [DEBUG] normal - GET /assets/js/tools.js
[2018-01-22 13:23:51.273] [DEBUG] normal - GET /assets/js/window.js
[2018-01-22 13:23:51.281] [DEBUG] normal - GET /assets/images/logo.png
[2018-01-22 13:23:51.337] [DEBUG] normal - GET /assets/images/bg.png
[2018-01-22 13:23:51.337] [DEBUG] normal - GET /assets/fonts/glyphicons-halflings-regular.woff2
[2018-01-22 13:23:51.414] [DEBUG] normal - POST /getAllUnit
[2018-01-22 13:24:12.019] [DEBUG] normal - GET /
[2018-01-22 13:24:21.801] [DEBUG] normal - GET /assets/js/tools.js
[2018-01-22 13:24:21.832] [DEBUG] normal - GET /assets/js/window.js
[2018-01-22 13:24:21.835] [DEBUG] normal - GET /assets/images/logo.png
[2018-01-22 13:24:25.252] [DEBUG] normal - GET /
[2018-01-22 13:24:25.273] [DEBUG] normal - GET /assets/css/reset.min.css
[2018-01-22 13:24:25.274] [DEBUG] normal - GET /assets/css/bootstrap.min.css
[2018-01-22 13:24:25.275] [DEBUG] normal - GET /assets/css/window.css
[2018-01-22 13:24:25.277] [DEBUG] normal - GET /assets/css/login.css
[2018-01-22 13:24:25.278] [DEBUG] normal - GET /assets/js/jquery-2.2.4.js
[2018-01-22 13:24:25.280] [DEBUG] normal - GET /assets/js/bootstrap.js
[2018-01-22 13:24:25.281] [DEBUG] normal - GET /assets/js/tools.js
[2018-01-22 13:24:25.282] [DEBUG] normal - GET /assets/js/window.js
[2018-01-22 13:24:25.287] [DEBUG] normal - GET /assets/images/logo.png
[2018-01-22 13:24:25.331] [DEBUG] normal - GET /assets/images/bg.png
[2018-01-22 13:24:25.333] [DEBUG] normal - GET /assets/fonts/glyphicons-halflings-regular.woff2
[2018-01-22 13:24:25.374] [DEBUG] normal - POST /getAllUnit
[2018-01-22 13:25:06.848] [DEBUG] normal - GET /
[2018-01-22 13:25:06.957] [DEBUG] normal - GET /assets/css/reset.min.css
[2018-01-22 13:25:06.972] [DEBUG] normal - GET /assets/css/window.css
[2018-01-22 13:25:06.972] [DEBUG] normal - GET /assets/css/login.css
[2018-01-22 13:25:06.972] [DEBUG] normal - GET /assets/css/bootstrap.min.css
[2018-01-22 13:25:06.988] [DEBUG] normal - GET /assets/js/window.js
[2018-01-22 13:25:07.019] [DEBUG] normal - GET /assets/js/tools.js
[2018-01-22 13:25:07.035] [DEBUG] normal - GET /assets/js/bootstrap.js
[2018-01-22 13:25:07.050] [DEBUG] normal - GET /assets/images/logo.png
[2018-01-22 13:25:07.066] [DEBUG] normal - GET /assets/js/jquery-2.2.4.js
[2018-01-22 13:25:07.175] [DEBUG] normal - POST /getAllUnit
[2018-01-22 13:25:07.222] [DEBUG] normal - GET /assets/fonts/glyphicons-halflings-regular.woff2
[2018-01-22 13:25:07.411] [DEBUG] normal - GET /assets/images/bg.png
[2018-01-22 13:25:07.536] [DEBUG] normal - GET /favicon.ico
[2018-01-22 13:25:42.409] [DEBUG] normal - GET /
[2018-01-22 13:25:45.195] [DEBUG] normal - GET /
[2018-01-22 13:25:45.348] [DEBUG] normal - GET /assets/css/reset.min.css
[2018-01-22 13:25:45.349] [DEBUG] normal - GET /assets/css/bootstrap.min.css
[2018-01-22 13:25:45.350] [DEBUG] normal - GET /assets/css/login.css
[2018-01-22 13:25:45.350] [DEBUG] normal - GET /assets/js/jquery-2.2.4.js
[2018-01-22 13:25:45.351] [DEBUG] normal - GET /assets/js/bootstrap.js
[2018-01-22 13:25:45.352] [DEBUG] normal - GET /assets/js/tools.js
[2018-01-22 13:25:45.359] [DEBUG] normal - GET /assets/images/logo.png
[2018-01-22 13:25:45.415] [DEBUG] normal - GET /assets/images/bg.png
[2018-01-22 13:25:45.417] [DEBUG] normal - GET /assets/fonts/glyphicons-halflings-regular.woff2
[2018-01-22 13:25:45.493] [DEBUG] normal - POST /getAllUnit
[2018-01-22 13:25:45.531] [DEBUG] normal - GET /favicon.ico
[2018-01-22 13:25:47.511] [DEBUG] normal - GET /assets/css/reset.min.css
[2018-01-22 13:25:47.512] [DEBUG] normal - GET /assets/css/bootstrap.min.css
[2018-01-22 13:25:47.513] [DEBUG] normal - GET /assets/css/login.css
[2018-01-22 13:25:47.578] [DEBUG] normal - GET /assets/css/bootstrap.min.css.map
[2018-01-22 13:25:48.207] [DEBUG] normal - GET /
[2018-01-22 13:25:53.346] [DEBUG] normal - GET /favicon.ico
[2018-01-22 13:26:15.780] [DEBUG] normal - GET /
[2018-01-22 13:26:15.901] [DEBUG] normal - GET /assets/css/reset.min.css
[2018-01-22 13:26:15.902] [DEBUG] normal - GET /assets/css/bootstrap.min.css
[2018-01-22 13:26:15.906] [DEBUG] normal - GET /assets/css/login.css
[2018-01-22 13:26:15.908] [DEBUG] normal - GET /assets/js/jquery-2.2.4.js
[2018-01-22 13:26:15.910] [DEBUG] normal - GET /assets/js/bootstrap.js
[2018-01-22 13:26:15.911] [DEBUG] normal - GET /assets/js/tools.js
[2018-01-22 13:26:15.926] [DEBUG] normal - GET /assets/images/logo.png
[2018-01-22 13:26:15.998] [DEBUG] normal - GET /assets/images/bg.png
[2018-01-22 13:26:16.000] [DEBUG] normal - GET /assets/fonts/glyphicons-halflings-regular.woff2
[2018-01-22 13:26:16.103] [DEBUG] normal - POST /getAllUnit
[2018-01-22 13:26:20.375] [DEBUG] normal - POST /userLogin
[2018-01-22 13:26:22.541] [DEBUG] normal - POST /userLogin
[2018-01-22 13:26:42.507] [DEBUG] normal - GET /
[2018-01-22 13:26:42.545] [DEBUG] normal - GET /assets/css/reset.min.css
[2018-01-22 13:26:42.550] [DEBUG] normal - GET /assets/css/login.css
[2018-01-22 13:26:42.551] [DEBUG] normal - GET /assets/css/bootstrap.min.css
[2018-01-22 13:26:42.552] [DEBUG] normal - GET /assets/js/tools.js
[2018-01-22 13:26:42.553] [DEBUG] normal - GET /assets/js/bootstrap.js
[2018-01-22 13:26:42.598] [DEBUG] normal - GET /assets/js/jquery-2.2.4.js
[2018-01-22 13:26:42.605] [DEBUG] normal - GET /assets/images/logo.png
[2018-01-22 13:26:42.661] [DEBUG] normal - GET /assets/fonts/glyphicons-halflings-regular.woff2
[2018-01-22 13:26:42.698] [DEBUG] normal - POST /getAllUnit
[2018-01-22 13:26:42.808] [DEBUG] normal - GET /assets/images/bg.png
[2018-01-22 13:26:48.308] [DEBUG] normal - POST /userLogin
[2018-01-22 13:26:50.734] [DEBUG] normal - GET /assets/css/reset.min.css
[2018-01-22 13:26:50.740] [DEBUG] normal - GET /assets/css/bootstrap.min.css
[2018-01-22 13:26:50.742] [DEBUG] normal - GET /assets/css/login.css
[2018-01-22 13:26:50.865] [DEBUG] normal - GET /assets/css/bootstrap.min.css.map
[2018-01-22 13:27:08.455] [DEBUG] normal - GET /
[2018-01-22 13:27:08.481] [DEBUG] normal - GET /assets/css/reset.min.css
[2018-01-22 13:27:08.493] [DEBUG] normal - GET /assets/css/bootstrap.min.css
[2018-01-22 13:27:08.499] [DEBUG] normal - GET /assets/css/login.css
[2018-01-22 13:27:08.501] [DEBUG] normal - GET /assets/js/jquery-2.2.4.js
[2018-01-22 13:27:08.503] [DEBUG] normal - GET /assets/js/bootstrap.js
[2018-01-22 13:27:08.504] [DEBUG] normal - GET /assets/js/tools.js
[2018-01-22 13:27:08.562] [DEBUG] normal - GET /assets/images/logo.png
[2018-01-22 13:27:08.612] [DEBUG] normal - GET /assets/images/bg.png
[2018-01-22 13:27:08.615] [DEBUG] normal - GET /assets/fonts/glyphicons-halflings-regular.woff2
[2018-01-22 13:27:08.639] [DEBUG] normal - GET /assets/css/bootstrap.min.css.map
[2018-01-22 13:27:08.645] [DEBUG] normal - POST /getAllUnit
[2018-01-22 13:27:12.855] [DEBUG] normal - POST /userLogin
[2018-01-22 13:27:14.521] [DEBUG] normal - GET /
[2018-01-22 13:27:14.660] [DEBUG] normal - GET /assets/css/reset.min.css
[2018-01-22 13:27:14.661] [DEBUG] normal - GET /assets/css/bootstrap.min.css
[2018-01-22 13:27:14.662] [DEBUG] normal - GET /assets/css/login.css
[2018-01-22 13:27:14.662] [DEBUG] normal - GET /assets/js/jquery-2.2.4.js
[2018-01-22 13:27:14.663] [DEBUG] normal - GET /assets/js/bootstrap.js
[2018-01-22 13:27:14.666] [DEBUG] normal - GET /assets/js/tools.js
[2018-01-22 13:27:14.671] [DEBUG] normal - GET /assets/images/logo.png
[2018-01-22 13:27:14.736] [DEBUG] normal - GET /assets/images/bg.png
[2018-01-22 13:27:14.739] [DEBUG] normal - GET /assets/fonts/glyphicons-halflings-regular.woff2
[2018-01-22 13:27:14.822] [DEBUG] normal - POST /getAllUnit
[2018-01-22 13:27:16.726] [DEBUG] normal - GET /goindex
[2018-01-22 13:27:16.750] [DEBUG] normal - GET /assets/css/reset.min.css
[2018-01-22 13:27:16.754] [DEBUG] normal - GET /assets/css/bootstrap.min.css
[2018-01-22 13:27:16.762] [DEBUG] normal - GET /assets/js/jquery-2.2.4.js
[2018-01-22 13:27:16.763] [DEBUG] normal - GET /assets/js/bootstrap.js
[2018-01-22 13:27:16.765] [DEBUG] normal - GET /assets/css/index.css
[2018-01-22 13:27:16.794] [DEBUG] normal - GET /assets/images/header.png
[2018-01-22 13:27:17.118] [DEBUG] normal - GET /assets/css/bootstrap.min.css.map
[2018-01-22 13:27:17.334] [DEBUG] normal - GET /assets/images/bg_home.png
[2018-01-22 13:27:19.522] [DEBUG] normal - POST /userLogin
[2018-01-22 13:27:22.085] [DEBUG] normal - GET /goindex
[2018-01-22 13:27:22.111] [DEBUG] normal - GET /assets/css/reset.min.css
[2018-01-22 13:27:22.116] [DEBUG] normal - GET /assets/css/bootstrap.min.css
[2018-01-22 13:27:22.118] [DEBUG] normal - GET /assets/css/index.css
[2018-01-22 13:27:22.119] [DEBUG] normal - GET /assets/js/jquery-2.2.4.js
[2018-01-22 13:27:22.120] [DEBUG] normal - GET /assets/js/bootstrap.js
[2018-01-22 13:27:22.122] [DEBUG] normal - GET /assets/images/header.png
[2018-01-22 13:27:22.169] [DEBUG] normal - GET /assets/images/bg_home.png
[2018-01-22 13:27:35.263] [DEBUG] normal - GET /goindex
[2018-01-22 13:27:35.297] [DEBUG] normal - GET /assets/css/reset.min.css
[2018-01-22 13:27:35.298] [DEBUG] normal - GET /assets/css/index.css
[2018-01-22 13:27:35.298] [DEBUG] normal - GET /assets/css/bootstrap.min.css
[2018-01-22 13:27:35.299] [DEBUG] normal - GET /assets/js/jquery-2.2.4.js
[2018-01-22 13:27:35.300] [DEBUG] normal - GET /assets/js/bootstrap.js
[2018-01-22 13:27:35.370] [DEBUG] normal - GET /assets/images/header.png
[2018-01-22 13:27:35.450] [DEBUG] normal - GET /assets/images/bg_home.png
[2018-01-22 13:27:43.172] [DEBUG] normal - GET /
[2018-01-22 13:27:43.209] [DEBUG] normal - GET /assets/css/reset.min.css
[2018-01-22 13:27:43.211] [DEBUG] normal - GET /assets/css/bootstrap.min.css
[2018-01-22 13:27:43.211] [DEBUG] normal - GET /assets/css/login.css
[2018-01-22 13:27:43.212] [DEBUG] normal - GET /assets/js/jquery-2.2.4.js
[2018-01-22 13:27:43.212] [DEBUG] normal - GET /assets/js/bootstrap.js
[2018-01-22 13:27:43.212] [DEBUG] normal - GET /assets/js/tools.js
[2018-01-22 13:27:43.279] [DEBUG] normal - POST /getAllUnit
[2018-01-22 13:27:43.299] [DEBUG] normal - GET /assets/images/logo.png
[2018-01-22 13:27:43.299] [DEBUG] normal - GET /assets/images/bg.png
[2018-01-22 13:27:43.300] [DEBUG] normal - GET /assets/fonts/glyphicons-halflings-regular.woff2
[2018-01-22 13:27:54.028] [DEBUG] normal - POST /getAllUnit
[2018-01-22 13:27:54.051] [DEBUG] normal - GET /assets/fonts/glyphicons-halflings-regular.woff2
[2018-01-22 13:27:54.172] [DEBUG] normal - GET /assets/css/bootstrap.min.css.map
[2018-01-22 13:27:59.070] [DEBUG] normal - GET /
[2018-01-22 13:27:59.094] [DEBUG] normal - GET /assets/css/reset.min.css
[2018-01-22 13:27:59.097] [DEBUG] normal - GET /assets/css/bootstrap.min.css
[2018-01-22 13:27:59.102] [DEBUG] normal - GET /assets/css/login.css
[2018-01-22 13:27:59.105] [DEBUG] normal - GET /assets/js/jquery-2.2.4.js
[2018-01-22 13:27:59.109] [DEBUG] normal - GET /assets/js/bootstrap.js
[2018-01-22 13:27:59.112] [DEBUG] normal - GET /assets/js/tools.js
[2018-01-22 13:27:59.185] [DEBUG] normal - GET /assets/images/logo.png
[2018-01-22 13:27:59.231] [DEBUG] normal - GET /assets/images/bg.png
[2018-01-22 13:27:59.234] [DEBUG] normal - GET /assets/fonts/glyphicons-halflings-regular.woff2
[2018-01-22 13:27:59.326] [DEBUG] normal - GET /assets/css/bootstrap.min.css.map
[2018-01-22 13:27:59.331] [DEBUG] normal - POST /getAllUnit
[2018-01-22 13:28:08.570] [DEBUG] normal - GET /
[2018-01-22 13:28:08.723] [DEBUG] normal - GET /assets/css/reset.min.css
[2018-01-22 13:28:08.724] [DEBUG] normal - GET /assets/css/bootstrap.min.css
[2018-01-22 13:28:08.724] [DEBUG] normal - GET /assets/css/login.css
[2018-01-22 13:28:08.725] [DEBUG] normal - GET /assets/js/jquery-2.2.4.js
[2018-01-22 13:28:08.726] [DEBUG] normal - GET /assets/js/bootstrap.js
[2018-01-22 13:28:08.727] [DEBUG] normal - GET /assets/js/tools.js
[2018-01-22 13:28:08.733] [DEBUG] normal - GET /assets/images/logo.png
[2018-01-22 13:28:08.805] [DEBUG] normal - GET /assets/images/bg.png
[2018-01-22 13:28:08.807] [DEBUG] normal - GET /assets/fonts/glyphicons-halflings-regular.woff2
[2018-01-22 13:28:08.867] [DEBUG] normal - POST /getAllUnit
[2018-01-22 13:28:10.808] [DEBUG] normal - GET /assets/css/bootstrap.min.css
[2018-01-22 13:28:10.809] [DEBUG] normal - GET /assets/css/reset.min.css
[2018-01-22 13:28:10.809] [DEBUG] normal - GET /assets/css/login.css
[2018-01-22 13:28:10.871] [DEBUG] normal - GET /assets/css/bootstrap.min.css.map
[2018-01-22 13:28:44.016] [DEBUG] normal - GET /
[2018-01-22 13:28:44.036] [DEBUG] normal - GET /assets/css/reset.min.css
[2018-01-22 13:28:44.038] [DEBUG] normal - GET /assets/css/bootstrap.min.css
[2018-01-22 13:28:44.040] [DEBUG] normal - GET /assets/css/login.css
[2018-01-22 13:28:44.042] [DEBUG] normal - GET /assets/js/jquery-2.2.4.js
[2018-01-22 13:28:44.043] [DEBUG] normal - GET /assets/js/bootstrap.js
[2018-01-22 13:28:44.043] [DEBUG] normal - GET /assets/js/tools.js
[2018-01-22 13:28:44.053] [DEBUG] normal - GET /assets/images/logo.png
[2018-01-22 13:28:44.107] [DEBUG] normal - GET /assets/images/bg.png
[2018-01-22 13:28:44.109] [DEBUG] normal - GET /assets/fonts/glyphicons-halflings-regular.woff2
[2018-01-22 13:28:44.132] [DEBUG] normal - GET /assets/css/bootstrap.min.css.map
[2018-01-22 13:28:44.230] [DEBUG] normal - POST /getAllUnit
[2018-01-22 13:28:47.472] [DEBUG] normal - POST /userLogin
[2018-01-22 13:28:48.646] [DEBUG] normal - GET /goindex
[2018-01-22 13:28:48.673] [DEBUG] normal - GET /assets/css/reset.min.css
[2018-01-22 13:28:48.674] [DEBUG] normal - GET /assets/css/bootstrap.min.css
[2018-01-22 13:28:48.675] [DEBUG] normal - GET /assets/css/index.css
[2018-01-22 13:28:48.676] [DEBUG] normal - GET /assets/js/jquery-2.2.4.js
[2018-01-22 13:28:48.677] [DEBUG] normal - GET /assets/js/bootstrap.js
[2018-01-22 13:28:48.683] [DEBUG] normal - GET /assets/images/header.png
[2018-01-22 13:28:48.749] [DEBUG] normal - GET /assets/images/bg_home.png
[2018-01-22 13:28:48.766] [DEBUG] normal - GET /assets/css/bootstrap.min.css.map
[2018-01-22 13:28:51.285] [DEBUG] normal - GET /
[2018-01-22 13:28:51.309] [DEBUG] normal - GET /assets/css/reset.min.css
[2018-01-22 13:28:51.310] [DEBUG] normal - GET /assets/css/bootstrap.min.css
[2018-01-22 13:28:51.311] [DEBUG] normal - GET /assets/css/login.css
[2018-01-22 13:28:51.312] [DEBUG] normal - GET /assets/js/jquery-2.2.4.js
[2018-01-22 13:28:51.312] [DEBUG] normal - GET /assets/js/bootstrap.js
[2018-01-22 13:28:51.313] [DEBUG] normal - GET /assets/js/tools.js
[2018-01-22 13:28:51.320] [DEBUG] normal - GET /assets/images/logo.png
[2018-01-22 13:28:51.378] [DEBUG] normal - GET /assets/images/bg.png
[2018-01-22 13:28:51.381] [DEBUG] normal - GET /assets/fonts/glyphicons-halflings-regular.woff2
[2018-01-22 13:28:51.400] [DEBUG] normal - GET /assets/css/bootstrap.min.css.map
[2018-01-22 13:28:51.406] [DEBUG] normal - POST /getAllUnit
[2018-01-22 13:29:33.808] [DEBUG] normal - GET /
[2018-01-22 13:29:33.827] [DEBUG] normal - GET /assets/css/reset.min.css
[2018-01-22 13:29:33.829] [DEBUG] normal - GET /assets/css/bootstrap.min.css
[2018-01-22 13:29:33.831] [DEBUG] normal - GET /assets/css/login.css
[2018-01-22 13:29:33.833] [DEBUG] normal - GET /assets/js/jquery-2.2.4.js
[2018-01-22 13:29:33.834] [DEBUG] normal - GET /assets/js/bootstrap.js
[2018-01-22 13:29:33.835] [DEBUG] normal - GET /assets/js/tools.js
[2018-01-22 13:29:33.838] [DEBUG] normal - GET /assets/images/logo.png
[2018-01-22 13:29:33.893] [DEBUG] normal - GET /assets/images/bg.png
[2018-01-22 13:29:33.895] [DEBUG] normal - GET /assets/fonts/glyphicons-halflings-regular.woff2
[2018-01-22 13:29:33.919] [DEBUG] normal - GET /assets/css/bootstrap.min.css.map
[2018-01-22 13:29:34.549] [DEBUG] normal - POST /getAllUnit
[2018-01-22 13:30:39.633] [DEBUG] normal - GET /
[2018-01-22 13:30:39.660] [DEBUG] normal - GET /assets/css/reset.min.css
[2018-01-22 13:30:39.661] [DEBUG] normal - GET /assets/css/bootstrap.min.css
[2018-01-22 13:30:39.663] [DEBUG] normal - GET /assets/css/login.css
[2018-01-22 13:30:39.664] [DEBUG] normal - GET /assets/js/jquery-2.2.4.js
[2018-01-22 13:30:39.664] [DEBUG] normal - GET /assets/js/bootstrap.js
[2018-01-22 13:30:39.665] [DEBUG] normal - GET /assets/js/tools.js
[2018-01-22 13:30:39.680] [DEBUG] normal - GET /assets/images/logo.png
[2018-01-22 13:30:39.735] [DEBUG] normal - GET /assets/images/bg.png
[2018-01-22 13:30:39.736] [DEBUG] normal - GET /assets/fonts/glyphicons-halflings-regular.woff2
[2018-01-22 13:30:39.761] [DEBUG] normal - GET /assets/css/bootstrap.min.css.map
[2018-01-22 13:30:39.799] [DEBUG] normal - POST /getAllUnit
[2018-01-22 13:30:43.581] [DEBUG] normal - POST /userLogin
[2018-01-22 13:30:49.758] [DEBUG] normal - POST /userLogin
[2018-01-22 13:30:50.646] [DEBUG] normal - GET /goindex
[2018-01-22 13:30:50.671] [DEBUG] normal - GET /assets/css/reset.min.css
[2018-01-22 13:30:50.672] [DEBUG] normal - GET /assets/css/bootstrap.min.css
[2018-01-22 13:30:50.672] [DEBUG] normal - GET /assets/css/index.css
[2018-01-22 13:30:50.674] [DEBUG] normal - GET /assets/js/jquery-2.2.4.js
[2018-01-22 13:30:50.675] [DEBUG] normal - GET /assets/js/bootstrap.js
[2018-01-22 13:30:50.682] [DEBUG] normal - GET /assets/images/header.png
[2018-01-22 13:30:50.744] [DEBUG] normal - GET /assets/images/bg_home.png
[2018-01-22 13:30:50.762] [DEBUG] normal - GET /assets/css/bootstrap.min.css.map
[2018-01-22 13:48:48.862] [DEBUG] normal - GET /goindex
[2018-01-22 13:48:48.882] [DEBUG] normal - GET /assets/css/reset.min.css
[2018-01-22 13:48:48.887] [DEBUG] normal - GET /assets/css/bootstrap.min.css
[2018-01-22 13:48:48.888] [DEBUG] normal - GET /assets/js/jquery-2.2.4.js
[2018-01-22 13:48:48.889] [DEBUG] normal - GET /assets/js/bootstrap.js
[2018-01-22 13:48:48.889] [DEBUG] normal - GET /assets/css/index.css
[2018-01-22 13:48:48.898] [DEBUG] normal - GET /assets/js/index.js
[2018-01-22 13:48:48.900] [DEBUG] normal - GET /assets/images/header.png
[2018-01-22 13:48:48.957] [DEBUG] normal - GET /assets/images/bg_home.png
[2018-01-22 13:48:48.978] [DEBUG] normal - GET /assets/css/bootstrap.min.css.map
[2018-01-22 13:48:53.586] [DEBUG] normal - GET /goindex
[2018-01-22 13:48:53.621] [DEBUG] normal - GET /assets/css/reset.min.css
[2018-01-22 13:48:53.622] [DEBUG] normal - GET /assets/css/bootstrap.min.css
[2018-01-22 13:48:53.622] [DEBUG] normal - GET /assets/css/index.css
[2018-01-22 13:48:53.623] [DEBUG] normal - GET /assets/js/jquery-2.2.4.js
[2018-01-22 13:48:53.623] [DEBUG] normal - GET /assets/js/bootstrap.js
[2018-01-22 13:48:53.624] [DEBUG] normal - GET /assets/js/index.js
[2018-01-22 13:48:53.638] [DEBUG] normal - GET /assets/images/header.png
[2018-01-22 13:48:53.693] [DEBUG] normal - GET /assets/images/bg_home.png
[2018-01-22 13:48:53.712] [DEBUG] normal - GET /assets/css/bootstrap.min.css.map
[2018-01-22 13:48:56.708] [DEBUG] normal - GET /goindex
[2018-01-22 13:48:56.725] [DEBUG] normal - GET /assets/css/reset.min.css
[2018-01-22 13:48:56.728] [DEBUG] normal - GET /assets/css/index.css
[2018-01-22 13:48:56.731] [DEBUG] normal - GET /assets/css/bootstrap.min.css
[2018-01-22 13:48:56.733] [DEBUG] normal - GET /assets/js/index.js
[2018-01-22 13:48:56.734] [DEBUG] normal - GET /assets/js/bootstrap.js
[2018-01-22 13:48:56.741] [DEBUG] normal - GET /assets/js/jquery-2.2.4.js
[2018-01-22 13:48:56.750] [DEBUG] normal - GET /assets/images/header.png
[2018-01-22 13:48:59.871] [DEBUG] normal - GET /assets/css/bootstrap.min.css.map
[2018-01-22 13:48:59.925] [DEBUG] normal - GET /assets/images/bg_home.png
[2018-01-22 13:49:06.732] [DEBUG] normal - GET /assets/fonts/glyphicons-halflings-regular.woff
[2018-01-22 13:49:20.745] [DEBUG] normal - GET /goindex
[2018-01-22 13:49:20.769] [DEBUG] normal - GET /assets/css/reset.min.css
[2018-01-22 13:49:20.770] [DEBUG] normal - GET /assets/css/bootstrap.min.css
[2018-01-22 13:49:20.773] [DEBUG] normal - GET /assets/css/index.css
[2018-01-22 13:49:20.773] [DEBUG] normal - GET /assets/js/jquery-2.2.4.js
[2018-01-22 13:49:20.777] [DEBUG] normal - GET /assets/js/bootstrap.js
[2018-01-22 13:49:20.778] [DEBUG] normal - GET /assets/js/index.js
[2018-01-22 13:49:20.782] [DEBUG] normal - GET /assets/images/header.png
[2018-01-22 13:49:20.841] [DEBUG] normal - GET /assets/images/bg_home.png
[2018-01-22 13:49:20.861] [DEBUG] normal - GET /assets/css/bootstrap.min.css.map
[2018-01-22 13:49:22.477] [DEBUG] normal - GET /goindex
[2018-01-22 13:49:22.501] [DEBUG] normal - GET /assets/css/reset.min.css
[2018-01-22 13:49:22.502] [DEBUG] normal - GET /assets/css/bootstrap.min.css
[2018-01-22 13:49:22.504] [DEBUG] normal - GET /assets/css/index.css
[2018-01-22 13:49:22.508] [DEBUG] normal - GET /assets/js/jquery-2.2.4.js
[2018-01-22 13:49:22.509] [DEBUG] normal - GET /assets/js/bootstrap.js
[2018-01-22 13:49:22.511] [DEBUG] normal - GET /assets/js/index.js
[2018-01-22 13:49:22.514] [DEBUG] normal - GET /assets/images/header.png
[2018-01-22 13:49:22.574] [DEBUG] normal - GET /assets/images/bg_home.png
[2018-01-22 13:49:22.592] [DEBUG] normal - GET /assets/css/bootstrap.min.css.map
[2018-01-22 13:49:25.490] [DEBUG] normal - GET /goindex
[2018-01-22 13:49:25.519] [DEBUG] normal - GET /assets/css/bootstrap.min.css
[2018-01-22 13:49:25.520] [DEBUG] normal - GET /assets/js/jquery-2.2.4.js
[2018-01-22 13:49:25.522] [DEBUG] normal - GET /assets/css/index.css
[2018-01-22 13:49:25.523] [DEBUG] normal - GET /assets/js/bootstrap.js
[2018-01-22 13:49:25.523] [DEBUG] normal - GET /assets/css/reset.min.css
[2018-01-22 13:49:25.525] [DEBUG] normal - GET /assets/js/index.js
[2018-01-22 13:49:25.532] [DEBUG] normal - GET /assets/images/header.png
[2018-01-22 13:49:25.589] [DEBUG] normal - GET /assets/images/bg_home.png
[2018-01-22 13:49:25.608] [DEBUG] normal - GET /assets/css/bootstrap.min.css.map
[2018-01-22 14:35:54.710] [DEBUG] normal - GET /
[2018-01-22 14:35:54.871] [DEBUG] normal - GET /assets/css/reset.min.css
[2018-01-22 14:35:54.877] [DEBUG] normal - GET /assets/css/login.css
[2018-01-22 14:35:54.878] [DEBUG] normal - GET /assets/css/bootstrap.min.css
[2018-01-22 14:35:54.929] [DEBUG] normal - GET /assets/js/tools.js
[2018-01-22 14:35:54.931] [DEBUG] normal - GET /assets/js/bootstrap.js
[2018-01-22 14:35:54.979] [DEBUG] normal - GET /assets/js/jquery-2.2.4.js
[2018-01-22 14:35:54.983] [DEBUG] normal - GET /assets/images/logo.png
[2018-01-22 14:35:55.045] [DEBUG] normal - GET /assets/fonts/glyphicons-halflings-regular.woff2
[2018-01-22 14:35:55.146] [DEBUG] normal - GET /assets/css/bootstrap.min.css.map
[2018-01-22 14:35:55.216] [DEBUG] normal - POST /getAllUnit
[2018-01-22 14:35:55.350] [DEBUG] normal - GET /assets/images/bg.png
[2018-01-22 14:35:55.432] [DEBUG] normal - GET /favicon.ico
[2018-01-22 14:36:08.015] [DEBUG] normal - POST /userLogin
[2018-01-22 14:36:11.174] [DEBUG] normal - GET /goindex
[2018-01-22 14:36:11.235] [DEBUG] normal - GET /assets/css/bootstrap.min.css
[2018-01-22 14:36:11.238] [DEBUG] normal - GET /assets/css/reset.min.css
[2018-01-22 14:36:11.241] [DEBUG] normal - GET /assets/css/index.css
[2018-01-22 14:36:11.249] [DEBUG] normal - GET /assets/js/jquery-2.2.4.js
[2018-01-22 14:36:11.251] [DEBUG] normal - GET /assets/js/bootstrap.js
[2018-01-22 14:36:11.265] [DEBUG] normal - GET /assets/js/index.js
[2018-01-22 14:36:11.333] [DEBUG] normal - GET /assets/images/header.png
[2018-01-22 14:36:11.467] [DEBUG] normal - GET /assets/css/bootstrap.min.css.map
[2018-01-22 14:36:11.582] [DEBUG] normal - GET /assets/images/bg_home.png
[2018-01-22 14:37:01.802] [DEBUG] normal - GET /goindex
[2018-01-22 14:37:01.854] [DEBUG] normal - GET /assets/css/reset.min.css
[2018-01-22 14:37:01.855] [DEBUG] normal - GET /assets/css/bootstrap.min.css
[2018-01-22 14:37:01.859] [DEBUG] normal - GET /assets/css/index.css
[2018-01-22 14:37:01.860] [DEBUG] normal - GET /assets/js/jquery-2.2.4.js
[2018-01-22 14:37:01.861] [DEBUG] normal - GET /assets/js/bootstrap.js
[2018-01-22 14:37:01.862] [DEBUG] normal - GET /assets/js/index.js
[2018-01-22 14:37:01.901] [DEBUG] normal - GET /assets/images/header.png
[2018-01-22 14:37:01.958] [DEBUG] normal - GET /assets/images/bg_home.png
[2018-01-22 14:37:02.064] [DEBUG] normal - GET /assets/css/bootstrap.min.css.map
[2018-01-22 15:38:55.663] [DEBUG] normal - OPTIONS /userLoginout
[2018-01-22 15:43:23.161] [DEBUG] normal - GET /goindex
[2018-01-22 15:43:23.211] [DEBUG] normal - GET /assets/css/reset.min.css
[2018-01-22 15:43:23.231] [DEBUG] normal - GET /assets/css/bootstrap.min.css
[2018-01-22 15:43:23.257] [DEBUG] normal - GET /assets/css/index.css
[2018-01-22 15:43:23.262] [DEBUG] normal - GET /assets/js/jquery-2.2.4.js
[2018-01-22 15:43:23.263] [DEBUG] normal - GET /assets/js/bootstrap.js
[2018-01-22 15:43:23.263] [DEBUG] normal - GET /assets/js/index.js
[2018-01-22 15:43:23.270] [DEBUG] normal - GET /assets/js/alert/window.css
[2018-01-22 15:43:23.272] [DEBUG] normal - GET /assets/js/alert/window.js
[2018-01-22 15:43:23.324] [DEBUG] normal - GET /assets/images/header.png
[2018-01-22 15:43:23.360] [DEBUG] normal - GET /assets/images/bg_home.png
[2018-01-22 15:43:23.480] [DEBUG] normal - GET /assets/css/bootstrap.min.css.map
[2018-01-22 15:45:05.071] [DEBUG] normal - GET /goindex
[2018-01-22 15:45:05.123] [DEBUG] normal - GET /assets/css/reset.min.css
[2018-01-22 15:45:05.123] [DEBUG] normal - GET /assets/css/bootstrap.min.css
[2018-01-22 15:45:05.124] [DEBUG] normal - GET /assets/css/index.css
[2018-01-22 15:45:05.126] [DEBUG] normal - GET /assets/js/alert/window.css
[2018-01-22 15:45:05.127] [DEBUG] normal - GET /assets/js/jquery-2.2.4.js
[2018-01-22 15:45:05.128] [DEBUG] normal - GET /assets/js/bootstrap.js
[2018-01-22 15:45:05.140] [DEBUG] normal - GET /assets/js/index.js
[2018-01-22 15:45:05.143] [DEBUG] normal - GET /assets/js/alert/window.js
[2018-01-22 15:45:05.159] [DEBUG] normal - GET /assets/images/header.png
[2018-01-22 15:45:05.243] [DEBUG] normal - GET /assets/images/bg_home.png
[2018-01-22 15:45:05.268] [DEBUG] normal - GET /assets/css/bootstrap.min.css.map
[2018-01-22 15:45:09.206] [DEBUG] normal - POST /userLoginout
[2018-01-22 15:45:47.204] [DEBUG] normal - GET /goindex
[2018-01-22 15:45:47.242] [DEBUG] normal - GET /assets/css/reset.min.css
[2018-01-22 15:45:47.243] [DEBUG] normal - GET /assets/css/bootstrap.min.css
[2018-01-22 15:45:47.244] [DEBUG] normal - GET /assets/css/index.css
[2018-01-22 15:45:47.245] [DEBUG] normal - GET /assets/js/alert/window.css
[2018-01-22 15:45:47.268] [DEBUG] normal - GET /assets/js/jquery-2.2.4.js
[2018-01-22 15:45:47.269] [DEBUG] normal - GET /assets/js/bootstrap.js
[2018-01-22 15:45:47.269] [DEBUG] normal - GET /assets/js/index.js
[2018-01-22 15:45:47.275] [DEBUG] normal - GET /assets/js/alert/window.js
[2018-01-22 15:45:47.286] [DEBUG] normal - GET /assets/images/header.png
[2018-01-22 15:45:47.377] [DEBUG] normal - GET /assets/images/bg_home.png
[2018-01-22 15:45:47.415] [DEBUG] normal - GET /assets/css/bootstrap.min.css.map
[2018-01-22 15:45:48.942] [DEBUG] normal - POST /userLoginout
[2018-01-22 15:46:46.228] [DEBUG] normal - POST /userLoginout
[2018-01-22 15:47:45.573] [DEBUG] normal - GET /goindex
[2018-01-22 15:47:45.600] [DEBUG] normal - GET /assets/css/reset.min.css
[2018-01-22 15:47:45.601] [DEBUG] normal - GET /assets/css/bootstrap.min.css
[2018-01-22 15:47:45.602] [DEBUG] normal - GET /assets/css/index.css
[2018-01-22 15:47:45.603] [DEBUG] normal - GET /assets/js/alert/window.css
[2018-01-22 15:47:45.605] [DEBUG] normal - GET /assets/js/jquery-2.2.4.js
[2018-01-22 15:47:45.607] [DEBUG] normal - GET /assets/js/bootstrap.js
[2018-01-22 15:47:45.609] [DEBUG] normal - GET /assets/js/index.js
[2018-01-22 15:47:45.609] [DEBUG] normal - GET /assets/js/alert/window.js
[2018-01-22 15:47:45.621] [DEBUG] normal - GET /assets/images/header.png
[2018-01-22 15:47:45.741] [DEBUG] normal - GET /assets/images/bg_home.png
[2018-01-22 15:47:45.854] [DEBUG] normal - GET /assets/css/bootstrap.min.css.map
[2018-01-22 15:48:14.812] [DEBUG] normal - GET /goindex
[2018-01-22 15:48:14.849] [DEBUG] normal - GET /assets/css/reset.min.css
[2018-01-22 15:48:14.850] [DEBUG] normal - GET /assets/css/index.css
[2018-01-22 15:48:14.850] [DEBUG] normal - GET /assets/css/bootstrap.min.css
[2018-01-22 15:48:14.856] [DEBUG] normal - GET /assets/js/alert/window.css
[2018-01-22 15:48:14.857] [DEBUG] normal - GET /assets/js/jquery-2.2.4.js
[2018-01-22 15:48:14.858] [DEBUG] normal - GET /assets/js/bootstrap.js
[2018-01-22 15:48:14.859] [DEBUG] normal - GET /assets/js/index.js
[2018-01-22 15:48:14.860] [DEBUG] normal - GET /assets/js/alert/window.js
[2018-01-22 15:48:14.896] [DEBUG] normal - GET /assets/images/header.png
[2018-01-22 15:48:14.991] [DEBUG] normal - GET /assets/images/bg_home.png
[2018-01-22 15:48:15.029] [DEBUG] normal - GET /assets/css/bootstrap.min.css.map
[2018-01-22 15:48:16.143] [DEBUG] normal - POST /userLoginout
[2018-01-22 15:48:45.080] [DEBUG] normal - GET /goindex
[2018-01-22 15:48:45.115] [DEBUG] normal - GET /assets/css/reset.min.css
[2018-01-22 15:48:45.116] [DEBUG] normal - GET /assets/css/bootstrap.min.css
[2018-01-22 15:48:45.123] [DEBUG] normal - GET /assets/css/index.css
[2018-01-22 15:48:45.126] [DEBUG] normal - GET /assets/js/alert/window.css
[2018-01-22 15:48:45.127] [DEBUG] normal - GET /assets/js/jquery-2.2.4.js
[2018-01-22 15:48:45.129] [DEBUG] normal - GET /assets/js/bootstrap.js
[2018-01-22 15:48:45.132] [DEBUG] normal - GET /assets/js/index.js
[2018-01-22 15:48:45.134] [DEBUG] normal - GET /assets/js/alert/window.js
[2018-01-22 15:48:45.150] [DEBUG] normal - GET /assets/images/header.png
[2018-01-22 15:48:45.241] [DEBUG] normal - GET /assets/images/bg_home.png
[2018-01-22 15:48:45.385] [DEBUG] normal - GET /assets/css/bootstrap.min.css.map
[2018-01-22 15:49:22.419] [DEBUG] normal - GET /goindex
[2018-01-22 15:49:22.459] [DEBUG] normal - GET /assets/css/reset.min.css
[2018-01-22 15:49:22.460] [DEBUG] normal - GET /assets/css/bootstrap.min.css
[2018-01-22 15:49:22.461] [DEBUG] normal - GET /assets/css/index.css
[2018-01-22 15:49:22.462] [DEBUG] normal - GET /assets/js/alert/window.css
[2018-01-22 15:49:22.462] [DEBUG] normal - GET /assets/js/jquery-2.2.4.js
[2018-01-22 15:49:22.463] [DEBUG] normal - GET /assets/js/bootstrap.js
[2018-01-22 15:49:22.478] [DEBUG] normal - GET /assets/js/index.js
[2018-01-22 15:49:22.479] [DEBUG] normal - GET /assets/js/alert/window.js
[2018-01-22 15:49:22.504] [DEBUG] normal - GET /assets/images/header.png
[2018-01-22 15:49:22.597] [DEBUG] normal - GET /assets/images/bg_home.png
[2018-01-22 15:49:22.718] [DEBUG] normal - GET /assets/css/bootstrap.min.css.map
[2018-01-22 15:49:24.334] [DEBUG] normal - POST /userLoginout
[2018-01-22 15:49:48.602] [DEBUG] normal - GET /goindex
[2018-01-22 15:49:48.678] [DEBUG] normal - GET /assets/css/reset.min.css
[2018-01-22 15:49:48.681] [DEBUG] normal - GET /assets/css/bootstrap.min.css
[2018-01-22 15:49:48.682] [DEBUG] normal - GET /assets/css/index.css
[2018-01-22 15:49:48.683] [DEBUG] normal - GET /assets/js/alert/window.css
[2018-01-22 15:49:48.683] [DEBUG] normal - GET /assets/js/jquery-2.2.4.js
[2018-01-22 15:49:48.683] [DEBUG] normal - GET /assets/js/bootstrap.js
[2018-01-22 15:49:48.684] [DEBUG] normal - GET /assets/js/index.js
[2018-01-22 15:49:48.685] [DEBUG] normal - GET /assets/js/alert/window.js
[2018-01-22 15:49:48.704] [DEBUG] normal - GET /assets/images/header.png
[2018-01-22 15:49:48.788] [DEBUG] normal - GET /assets/images/bg_home.png
[2018-01-22 15:49:48.910] [DEBUG] normal - GET /assets/css/bootstrap.min.css.map
[2018-01-22 15:49:50.314] [DEBUG] normal - POST /userLoginout
[2018-01-22 15:49:51.580] [DEBUG] normal - GET /login.html
